Log file open, 06/25/20 14:29:10
LogWindows: Failed to load 'aqProf.dll' (GetLastError=126)
LogWindows: File 'aqProf.dll' does not exist
LogWindows: Failed to load 'VtuneApi.dll' (GetLastError=126)
LogWindows: File 'VtuneApi.dll' does not exist
LogWindows: Failed to load 'VtuneApi32e.dll' (GetLastError=126)
LogWindows: File 'VtuneApi32e.dll' does not exist
LogConsoleResponse: Display: Failed to find resolution value strings in scalability ini. Falling back to default.
LogInit: Display: Running engine for game: BallRunner_AnnaPytlewska
LogPakFile: Registered encryption key '00000000000000000000000000000000': 0 pak files mounted, 0 remain pending
LogPlatformFile: Not using cached read wrapper
LogTaskGraph: Started task graph with 5 named threads and 35 total threads with 3 sets of task threads.
LogStats: Stats thread started at 0.647870
LogD3D11RHI: Loaded GFSDK_Aftermath_Lib.x64.dll
LogICUInternationalization: ICU TimeZone Detection - Raw Offset: +1:00, Platform Override: ''
LogPluginManager: Mounting plugin Paper2D
LogPluginManager: Mounting plugin AISupport
LogPluginManager: Mounting plugin LightPropagationVolume
LogPluginManager: Mounting plugin ActorLayerUtilities
LogPluginManager: Mounting plugin AnimationSharing
LogPluginManager: Mounting plugin CLionSourceCodeAccess
LogPluginManager: Mounting plugin CodeLiteSourceCodeAccess
LogPluginManager: Mounting plugin GitSourceControl
LogPluginManager: Mounting plugin KDevelopSourceCodeAccess
LogPluginManager: Mounting plugin NullSourceCodeAccess
LogPluginManager: Mounting plugin PerforceSourceControl
LogPluginManager: Mounting plugin SubversionSourceControl
LogPluginManager: Mounting plugin UObjectPlugin
LogPluginManager: Mounting plugin VisualStudioCodeSourceCodeAccess
LogPluginManager: Mounting plugin VisualStudioSourceCodeAccess
LogPluginManager: Mounting plugin XCodeSourceCodeAccess
LogPluginManager: Mounting plugin AssetManagerEditor
LogPluginManager: Mounting plugin CryptoKeys
LogPluginManager: Mounting plugin DataValidation
LogPluginManager: Mounting plugin FacialAnimation
LogPluginManager: Mounting plugin GameplayTagsEditor
LogPluginManager: Mounting plugin MacGraphicsSwitching
LogPluginManager: Mounting plugin MaterialAnalyzer
LogPluginManager: Mounting plugin MobileLauncherProfileWizard
LogPluginManager: Mounting plugin PluginBrowser
LogPluginManager: Mounting plugin SpeedTreeImporter
LogPluginManager: Mounting plugin DatasmithContent
LogPluginManager: Mounting plugin VariantManagerContent
LogPluginManager: Mounting plugin AlembicImporter
LogPluginManager: Mounting plugin AppleImageUtils
LogPluginManager: Mounting plugin AppleVision
LogPluginManager: Mounting plugin BackChannel
LogPluginManager: Mounting plugin CharacterAI
LogPluginManager: Mounting plugin GeometryCache
LogPluginManager: Mounting plugin HTML5Networking
LogPluginManager: Mounting plugin ProxyLODPlugin
LogPluginManager: Mounting plugin SkeletalReduction
LogPluginManager: Mounting plugin MagicLeap
LogPluginManager: Mounting plugin MagicLeapMedia
LogPluginManager: Mounting plugin AndroidMedia
LogPluginManager: Mounting plugin AvfMedia
LogPluginManager: Mounting plugin ImgMedia
LogPluginManager: Mounting plugin LinearTimecode
LogPluginManager: Mounting plugin MediaCompositing
LogPluginManager: Mounting plugin MediaPlayerEditor
LogPluginManager: Mounting plugin WebMMedia
LogPluginManager: Mounting plugin WmfMedia
LogPluginManager: Mounting plugin TcpMessaging
LogPluginManager: Mounting plugin UdpMessaging
LogPluginManager: Mounting plugin ActorSequence
LogPluginManager: Mounting plugin LevelSequenceEditor
LogPluginManager: Mounting plugin MatineeToLevelSequence
LogPluginManager: Mounting plugin NetcodeUnitTest
LogPluginManager: Mounting plugin NUTUnrealEngine4
LogPluginManager: Mounting plugin OnlineSubsystemGooglePlay
LogPluginManager: Mounting plugin OnlineSubsystemIOS
LogPluginManager: Mounting plugin OnlineSubsystem
LogPluginManager: Mounting plugin OnlineSubsystemNull
LogPluginManager: Mounting plugin OnlineSubsystemUtils
LogPluginManager: Mounting plugin LauncherChunkInstaller
LogPluginManager: Mounting plugin AndroidDeviceProfileSelector
LogPluginManager: Mounting plugin AndroidMoviePlayer
LogPluginManager: Mounting plugin AndroidPermission
LogPluginManager: Mounting plugin AppleMoviePlayer
LogPluginManager: Mounting plugin ArchVisCharacter
LogPluginManager: Mounting plugin AudioCapture
LogPluginManager: Mounting plugin CableComponent
LogPluginManager: Mounting plugin CustomMeshComponent
LogPluginManager: Mounting plugin EditableMesh
LogPluginManager: Mounting plugin ExampleDeviceProfileSelector
LogPluginManager: Mounting plugin Firebase
LogPluginManager: Mounting plugin GoogleCloudMessaging
LogPluginManager: Mounting plugin IOSDeviceProfileSelector
LogPluginManager: Mounting plugin LinuxDeviceProfileSelector
LogPluginManager: Mounting plugin LocationServicesBPLibrary
LogPluginManager: Mounting plugin MobilePatchingUtils
LogPluginManager: Mounting plugin OculusVR
LogPluginManager: Mounting plugin PhysXVehicles
LogPluginManager: Mounting plugin ProceduralMeshComponent
LogPluginManager: Mounting plugin RuntimePhysXCooking
LogPluginManager: Mounting plugin SignificanceManager
LogPluginManager: Mounting plugin SteamVR
LogPluginManager: Mounting plugin WebMMoviePlayer
LogPluginManager: Mounting plugin WindowsMoviePlayer
LogInit: Using libcurl 7.55.1-DEV
LogInit:  - built for x86_64-pc-win32
LogInit:  - supports SSL with OpenSSL/1.1.1
LogInit:  - supports HTTP deflate (compression) using libz 1.2.8
LogInit:  - other features:
LogInit:      CURL_VERSION_SSL
LogInit:      CURL_VERSION_LIBZ
LogInit:      CURL_VERSION_IPV6
LogInit:      CURL_VERSION_ASYNCHDNS
LogInit:      CURL_VERSION_LARGEFILE
LogInit:      CURL_VERSION_IDN
LogInit:  CurlRequestOptions (configurable via config and command line):
LogInit:  - bVerifyPeer = true  - Libcurl will verify peer certificate
LogInit:  - bUseHttpProxy = false  - Libcurl will NOT use HTTP proxy
LogInit:  - bDontReuseConnections = false  - Libcurl will reuse connections
LogInit:  - MaxHostConnections = 16  - Libcurl will limit the number of connections to a host
LogInit:  - LocalHostAddr = Default
LogInit:  - BufferSize = 65536
LogInit: WinSock: version 1.1 (2.2), MaxSocks=32767, MaxUdp=65467
LogInit: Build: ++UE4+Release-4.22-CL-7053642
LogInit: Engine Version: 4.22.3-7053642+++UE4+Release-4.22
LogInit: Compatible Engine Version: 4.22.0-5660361+++UE4+Release-4.22
LogInit: Net CL: 5660361
LogInit: OS: Windows 10 (Release 1909) (), CPU: Intel(R) Core(TM) i7-8750H CPU @ 2.20GHz, GPU: Intel(R) UHD Graphics 630
LogInit: Compiled (64-bit): Jun 18 2019 03:09:11
LogInit: Compiled with Visual C++: 19.16.27025.01
LogInit: Build Configuration: Development
LogInit: Branch Name: ++UE4+Release-4.22
LogInit: Command Line: 
LogInit: Base Directory: C:/Program Files/Epic Games/UE_4.22/Engine/Binaries/Win64/
LogInit: Installed Engine Build: 1
LogDevObjectVersion: Number of dev versions registered: 23
LogDevObjectVersion:   Dev-Blueprints (B0D832E4-1F89-4F0D-ACCF-7EB736FD4AA2): 10
LogDevObjectVersion:   Dev-Build (E1C64328-A22C-4D53-A36C-8E866417BD8C): 0
LogDevObjectVersion:   Dev-Core (375EC13C-06E4-48FB-B500-84F0262A717E): 3
LogDevObjectVersion:   Dev-Editor (E4B068ED-F494-42E9-A231-DA0B2E46BB41): 30
LogDevObjectVersion:   Dev-Framework (CFFC743F-43B0-4480-9391-14DF171D2073): 35
LogDevObjectVersion:   Dev-Mobile (B02B49B5-BB20-44E9-A304-32B752E40360): 2
LogDevObjectVersion:   Dev-Networking (A4E4105C-59A1-49B5-A7C5-40C4547EDFEE): 0
LogDevObjectVersion:   Dev-Online (39C831C9-5AE6-47DC-9A44-9C173E1C8E7C): 0
LogDevObjectVersion:   Dev-Physics (78F01B33-EBEA-4F98-B9B4-84EACCB95AA2): 0
LogDevObjectVersion:   Dev-Platform (6631380F-2D4D-43E0-8009-CF276956A95A): 0
LogDevObjectVersion:   Dev-Rendering (12F88B9F-8875-4AFC-A67C-D90C383ABD29): 28
LogDevObjectVersion:   Dev-Sequencer (7B5AE74C-D270-4C10-A958-57980B212A5A): 11
LogDevObjectVersion:   Dev-VR (D7296918-1DD6-4BDD-9DE2-64A83CC13884): 2
LogDevObjectVersion:   Dev-LoadTimes (C2A15278-BFE7-4AFE-6C17-90FF531DF755): 1
LogDevObjectVersion:   Private-Geometry (6EACA3D4-40EC-4CC1-B786-8BED09428FC5): 3
LogDevObjectVersion:   Dev-AnimPhys (29E575DD-E0A3-4627-9D10-D276232CDCEA): 17
LogDevObjectVersion:   Dev-Anim (AF43A65D-7FD3-4947-9873-3E8ED9C1BB05): 2
LogDevObjectVersion:   Dev-ReflectionCapture (6B266CEC-1EC7-4B8F-A30B-E4D90942FC07): 1
LogDevObjectVersion:   Dev-Automation (0DF73D61-A23F-47EA-B727-89E90C41499A): 1
LogDevObjectVersion:   FortniteMain (601D1886-AC64-4F84-AA16-D3DE0DEAC7D6): 25
LogDevObjectVersion:   Dev-Enterprise (9DFFBCD6-494F-0158-E221-12823C92A888): 6
LogDevObjectVersion:   Dev-Niagara (F2AED0AC-9AFE-416F-8664-AA7FFA26D6FC): 1
LogDevObjectVersion:   Dev-Destruction (174F1F0B-B4C6-45A5-B13F-2EE8D0FB917D): 2
LogInit: Presizing for max 16777216 objects, including 0 objects not considered by GC, pre-allocating 0 bytes for permanent pool.
LogInit: Object subsystem initialized
LogConfig: Setting CVar [[con.DebugEarlyDefault:1]]
LogConfig: Setting CVar [[r.setres:1280x720]]
[2020.06.25-12.29.11:734][  0]LogConfig: Setting CVar [[r.VSync:0]]
[2020.06.25-12.29.11:734][  0]LogConfig: Setting CVar [[r.RHICmdBypass:0]]
[2020.06.25-12.29.11:734][  0]LogConfig: Applying CVar settings from Section [/Script/Engine.RendererSettings] File [D:/Dokumenty/pulpit/moje projekty/2020/programowanie/Ball Runner/BallRunner/Saved/Config/Windows/Engine.ini]
[2020.06.25-12.29.11:734][  0]LogConfig: Setting CVar [[r.GPUCrashDebugging:0]]
[2020.06.25-12.29.11:735][  0]LogConfig: Setting CVar [[r.DefaultFeature.AutoExposure.ExtendDefaultLuminanceRange:1]]
[2020.06.25-12.29.11:735][  0]LogConfig: Setting CVar [[r.DefaultFeature.AutoExposure:0]]
[2020.06.25-12.29.11:735][  0]LogConfig: Applying CVar settings from Section [/Script/Engine.RendererOverrideSettings] File [D:/Dokumenty/pulpit/moje projekty/2020/programowanie/Ball Runner/BallRunner/Saved/Config/Windows/Engine.ini]
[2020.06.25-12.29.11:735][  0]LogConfig: Applying CVar settings from Section [/Script/Engine.StreamingSettings] File [D:/Dokumenty/pulpit/moje projekty/2020/programowanie/Ball Runner/BallRunner/Saved/Config/Windows/Engine.ini]
[2020.06.25-12.29.11:735][  0]LogConfig: Setting CVar [[s.MinBulkDataSizeForAsyncLoading:131072]]
[2020.06.25-12.29.11:735][  0]LogConfig: Setting CVar [[s.AsyncLoadingThreadEnabled:0]]
[2020.06.25-12.29.11:735][  0]LogConfig: Setting CVar [[s.EventDrivenLoaderEnabled:1]]
[2020.06.25-12.29.11:735][  0]LogConfig: Setting CVar [[s.WarnIfTimeLimitExceeded:0]]
[2020.06.25-12.29.11:735][  0]LogConfig: Setting CVar [[s.TimeLimitExceededMultiplier:1.5]]
[2020.06.25-12.29.11:735][  0]LogConfig: Setting CVar [[s.TimeLimitExceededMinTime:0.005]]
[2020.06.25-12.29.11:735][  0]LogConfig: Setting CVar [[s.UseBackgroundLevelStreaming:1]]
[2020.06.25-12.29.11:735][  0]LogConfig: Setting CVar [[s.PriorityAsyncLoadingExtraTime:15.0]]
[2020.06.25-12.29.11:735][  0]LogConfig: Setting CVar [[s.LevelStreamingActorsUpdateTimeLimit:5.0]]
[2020.06.25-12.29.11:735][  0]LogConfig: Setting CVar [[s.PriorityLevelStreamingActorsUpdateExtraTime:5.0]]
[2020.06.25-12.29.11:735][  0]LogConfig: Setting CVar [[s.LevelStreamingComponentsRegistrationGranularity:10]]
[2020.06.25-12.29.11:735][  0]LogConfig: Setting CVar [[s.UnregisterComponentsTimeLimit:1.0]]
[2020.06.25-12.29.11:735][  0]LogConfig: Setting CVar [[s.LevelStreamingComponentsUnregistrationGranularity:5]]
[2020.06.25-12.29.11:735][  0]LogConfig: Applying CVar settings from Section [/Script/Engine.GarbageCollectionSettings] File [D:/Dokumenty/pulpit/moje projekty/2020/programowanie/Ball Runner/BallRunner/Saved/Config/Windows/Engine.ini]
[2020.06.25-12.29.11:735][  0]LogConfig: Setting CVar [[gc.MaxObjectsNotConsideredByGC:1]]
[2020.06.25-12.29.11:735][  0]LogConfig: Setting CVar [[gc.SizeOfPermanentObjectPool:0]]
[2020.06.25-12.29.11:735][  0]LogConfig: Setting CVar [[gc.FlushStreamingOnGC:0]]
[2020.06.25-12.29.11:735][  0]LogConfig: Setting CVar [[gc.NumRetriesBeforeForcingGC:10]]
[2020.06.25-12.29.11:735][  0]LogConfig: Setting CVar [[gc.AllowParallelGC:1]]
[2020.06.25-12.29.11:735][  0]LogConfig: Setting CVar [[gc.TimeBetweenPurgingPendingKillObjects:61.1]]
[2020.06.25-12.29.11:735][  0]LogConfig: Setting CVar [[gc.MaxObjectsInEditor:16777216]]
[2020.06.25-12.29.11:735][  0]LogConfig: Setting CVar [[gc.IncrementalBeginDestroyEnabled:1]]
[2020.06.25-12.29.11:736][  0]LogConfig: Setting CVar [[gc.CreateGCClusters:1]]
[2020.06.25-12.29.11:736][  0]LogConfig: Setting CVar [[gc.MinGCClusterSize:5]]
[2020.06.25-12.29.11:736][  0]LogConfig: Setting CVar [[gc.ActorClusteringEnabled:0]]
[2020.06.25-12.29.11:736][  0]LogConfig: Setting CVar [[gc.BlueprintClusteringEnabled:0]]
[2020.06.25-12.29.11:736][  0]LogConfig: Setting CVar [[gc.UseDisregardForGCOnDedicatedServers:0]]
[2020.06.25-12.29.11:736][  0]LogConfig: Applying CVar settings from Section [/Script/Engine.NetworkSettings] File [D:/Dokumenty/pulpit/moje projekty/2020/programowanie/Ball Runner/BallRunner/Saved/Config/Windows/Engine.ini]
[2020.06.25-12.29.11:736][  0]LogConfig: Applying CVar settings from Section [/Script/UnrealEd.CookerSettings] File [D:/Dokumenty/pulpit/moje projekty/2020/programowanie/Ball Runner/BallRunner/Saved/Config/Windows/Engine.ini]
[2020.06.25-12.29.11:753][  0]LogConfig: Applying CVar settings from Section [ViewDistanceQuality@3] File [D:/Dokumenty/pulpit/moje projekty/2020/programowanie/Ball Runner/BallRunner/Saved/Config/Windows/Scalability.ini]
[2020.06.25-12.29.11:753][  0]LogConfig: Setting CVar [[r.SkeletalMeshLODBias:0]]
[2020.06.25-12.29.11:753][  0]LogConfig: Setting CVar [[r.ViewDistanceScale:1.0]]
[2020.06.25-12.29.11:754][  0]LogConfig: Applying CVar settings from Section [AntiAliasingQuality@3] File [D:/Dokumenty/pulpit/moje projekty/2020/programowanie/Ball Runner/BallRunner/Saved/Config/Windows/Scalability.ini]
[2020.06.25-12.29.11:754][  0]LogConfig: Setting CVar [[r.PostProcessAAQuality:4]]
[2020.06.25-12.29.11:754][  0]LogConfig: Applying CVar settings from Section [ShadowQuality@3] File [D:/Dokumenty/pulpit/moje projekty/2020/programowanie/Ball Runner/BallRunner/Saved/Config/Windows/Scalability.ini]
[2020.06.25-12.29.11:754][  0]LogConfig: Setting CVar [[r.LightFunctionQuality:1]]
[2020.06.25-12.29.11:754][  0]LogConfig: Setting CVar [[r.ShadowQuality:5]]
[2020.06.25-12.29.11:754][  0]LogConfig: Setting CVar [[r.Shadow.CSM.MaxCascades:10]]
[2020.06.25-12.29.11:754][  0]LogConfig: Setting CVar [[r.Shadow.MaxResolution:2048]]
[2020.06.25-12.29.11:754][  0]LogConfig: Setting CVar [[r.Shadow.MaxCSMResolution:2048]]
[2020.06.25-12.29.11:754][  0]LogConfig: Setting CVar [[r.Shadow.RadiusThreshold:0.01]]
[2020.06.25-12.29.11:754][  0]LogConfig: Setting CVar [[r.Shadow.DistanceScale:1.0]]
[2020.06.25-12.29.11:754][  0]LogConfig: Setting CVar [[r.Shadow.CSM.TransitionScale:1.0]]
[2020.06.25-12.29.11:754][  0]LogConfig: Setting CVar [[r.Shadow.PreShadowResolutionFactor:1.0]]
[2020.06.25-12.29.11:754][  0]LogConfig: Setting CVar [[r.DistanceFieldShadowing:1]]
[2020.06.25-12.29.11:754][  0]LogConfig: Setting CVar [[r.DistanceFieldAO:1]]
[2020.06.25-12.29.11:754][  0]LogConfig: Setting CVar [[r.AOQuality:2]]
[2020.06.25-12.29.11:754][  0]LogConfig: Setting CVar [[r.VolumetricFog:1]]
[2020.06.25-12.29.11:754][  0]LogConfig: Setting CVar [[r.VolumetricFog.GridPixelSize:8]]
[2020.06.25-12.29.11:754][  0]LogConfig: Setting CVar [[r.VolumetricFog.GridSizeZ:128]]
[2020.06.25-12.29.11:754][  0]LogConfig: Setting CVar [[r.VolumetricFog.HistoryMissSupersampleCount:4]]
[2020.06.25-12.29.11:754][  0]LogConfig: Setting CVar [[r.LightMaxDrawDistanceScale:1]]
[2020.06.25-12.29.11:754][  0]LogConfig: Setting CVar [[r.CapsuleShadows:1]]
[2020.06.25-12.29.11:754][  0]LogConfig: Applying CVar settings from Section [PostProcessQuality@3] File [D:/Dokumenty/pulpit/moje projekty/2020/programowanie/Ball Runner/BallRunner/Saved/Config/Windows/Scalability.ini]
[2020.06.25-12.29.11:754][  0]LogConfig: Setting CVar [[r.MotionBlurQuality:4]]
[2020.06.25-12.29.11:754][  0]LogConfig: Setting CVar [[r.AmbientOcclusionMipLevelFactor:0.4]]
[2020.06.25-12.29.11:754][  0]LogConfig: Setting CVar [[r.AmbientOcclusionMaxQuality:100]]
[2020.06.25-12.29.11:754][  0]LogConfig: Setting CVar [[r.AmbientOcclusionLevels:-1]]
[2020.06.25-12.29.11:754][  0]LogConfig: Setting CVar [[r.AmbientOcclusionRadiusScale:1.0]]
[2020.06.25-12.29.11:754][  0]LogConfig: Setting CVar [[r.DepthOfFieldQuality:2]]
[2020.06.25-12.29.11:754][  0]LogConfig: Setting CVar [[r.RenderTargetPoolMin:400]]
[2020.06.25-12.29.11:754][  0]LogConfig: Setting CVar [[r.LensFlareQuality:2]]
[2020.06.25-12.29.11:755][  0]LogConfig: Setting CVar [[r.SceneColorFringeQuality:1]]
[2020.06.25-12.29.11:755][  0]LogConfig: Setting CVar [[r.EyeAdaptationQuality:2]]
[2020.06.25-12.29.11:755][  0]LogConfig: Setting CVar [[r.BloomQuality:5]]
[2020.06.25-12.29.11:755][  0]LogConfig: Setting CVar [[r.FastBlurThreshold:100]]
[2020.06.25-12.29.11:755][  0]LogConfig: Setting CVar [[r.Upscale.Quality:3]]
[2020.06.25-12.29.11:755][  0]LogConfig: Setting CVar [[r.Tonemapper.GrainQuantization:1]]
[2020.06.25-12.29.11:755][  0]LogConfig: Setting CVar [[r.LightShaftQuality:1]]
[2020.06.25-12.29.11:755][  0]LogConfig: Setting CVar [[r.Filter.SizeScale:1]]
[2020.06.25-12.29.11:755][  0]LogConfig: Setting CVar [[r.Tonemapper.Quality:5]]
[2020.06.25-12.29.11:755][  0]LogConfig: Setting CVar [[r.DOF.Gather.AccumulatorQuality:1        ; higher gathering accumulator quality]]
[2020.06.25-12.29.11:755][  0]LogConfig: Setting CVar [[r.DOF.Gather.PostfilterMethod:1          ; Median3x3 postfilering method]]
[2020.06.25-12.29.11:755][  0]LogConfig: Setting CVar [[r.DOF.Gather.EnableBokehSettings:0       ; no bokeh simulation when gathering]]
[2020.06.25-12.29.11:755][  0]LogConfig: Setting CVar [[r.DOF.Gather.RingCount:4                 ; medium number of samples when gathering]]
[2020.06.25-12.29.11:755][  0]LogConfig: Setting CVar [[r.DOF.Scatter.ForegroundCompositing:1    ; additive foreground scattering]]
[2020.06.25-12.29.11:755][  0]LogConfig: Setting CVar [[r.DOF.Scatter.BackgroundCompositing:2    ; additive background scattering]]
[2020.06.25-12.29.11:755][  0]LogConfig: Setting CVar [[r.DOF.Scatter.EnableBokehSettings:1      ; bokeh simulation when scattering]]
[2020.06.25-12.29.11:755][  0]LogConfig: Setting CVar [[r.DOF.Scatter.MaxSpriteRatio:0.1         ; only a maximum of 10% of scattered bokeh]]
[2020.06.25-12.29.11:755][  0]LogConfig: Setting CVar [[r.DOF.Recombine.Quality:1                ; cheap slight out of focus]]
[2020.06.25-12.29.11:755][  0]LogConfig: Setting CVar [[r.DOF.Recombine.EnableBokehSettings:0    ; no bokeh simulation on slight out of focus]]
[2020.06.25-12.29.11:755][  0]LogConfig: Setting CVar [[r.DOF.TemporalAAQuality:1                ; more stable temporal accumulation]]
[2020.06.25-12.29.11:755][  0]LogConfig: Setting CVar [[r.DOF.Kernel.MaxForegroundRadius:0.025]]
[2020.06.25-12.29.11:755][  0]LogConfig: Setting CVar [[r.DOF.Kernel.MaxBackgroundRadius:0.025]]
[2020.06.25-12.29.11:755][  0]LogConfig: Applying CVar settings from Section [TextureQuality@3] File [D:/Dokumenty/pulpit/moje projekty/2020/programowanie/Ball Runner/BallRunner/Saved/Config/Windows/Scalability.ini]
[2020.06.25-12.29.11:755][  0]LogConfig: Setting CVar [[r.Streaming.MipBias:0]]
[2020.06.25-12.29.11:755][  0]LogConfig: Setting CVar [[r.Streaming.AmortizeCPUToGPUCopy:0]]
[2020.06.25-12.29.11:755][  0]LogConfig: Setting CVar [[r.Streaming.MaxNumTexturesToStreamPerFrame:0]]
[2020.06.25-12.29.11:755][  0]LogConfig: Setting CVar [[r.Streaming.Boost:1]]
[2020.06.25-12.29.11:755][  0]LogConfig: Setting CVar [[r.MaxAnisotropy:8]]
[2020.06.25-12.29.11:755][  0]LogConfig: Setting CVar [[r.Streaming.LimitPoolSizeToVRAM:0]]
[2020.06.25-12.29.11:755][  0]LogConfig: Setting CVar [[r.Streaming.PoolSize:1000]]
[2020.06.25-12.29.11:755][  0]LogConfig: Setting CVar [[r.Streaming.MaxEffectiveScreenSize:0]]
[2020.06.25-12.29.11:755][  0]LogConfig: Applying CVar settings from Section [EffectsQuality@3] File [D:/Dokumenty/pulpit/moje projekty/2020/programowanie/Ball Runner/BallRunner/Saved/Config/Windows/Scalability.ini]
[2020.06.25-12.29.11:755][  0]LogConfig: Setting CVar [[r.TranslucencyLightingVolumeDim:64]]
[2020.06.25-12.29.11:755][  0]LogConfig: Setting CVar [[r.RefractionQuality:2]]
[2020.06.25-12.29.11:755][  0]LogConfig: Setting CVar [[r.SSR.Quality:3]]
[2020.06.25-12.29.11:755][  0]LogConfig: Setting CVar [[r.SceneColorFormat:4]]
[2020.06.25-12.29.11:755][  0]LogConfig: Setting CVar [[r.DetailMode:2]]
[2020.06.25-12.29.11:755][  0]LogConfig: Setting CVar [[r.TranslucencyVolumeBlur:1]]
[2020.06.25-12.29.11:755][  0]LogConfig: Setting CVar [[r.MaterialQualityLevel:1 ; High quality]]
[2020.06.25-12.29.11:755][  0]LogConfig: Setting CVar [[r.SSS.Scale:1]]
[2020.06.25-12.29.11:755][  0]LogConfig: Setting CVar [[r.SSS.SampleSet:2]]
[2020.06.25-12.29.11:755][  0]LogConfig: Setting CVar [[r.SSS.Quality:1]]
[2020.06.25-12.29.11:755][  0]LogConfig: Setting CVar [[r.SSS.HalfRes:1]]
[2020.06.25-12.29.11:755][  0]LogConfig: Setting CVar [[r.EmitterSpawnRateScale:1.0]]
[2020.06.25-12.29.11:755][  0]LogConfig: Setting CVar [[r.ParticleLightQuality:2]]
[2020.06.25-12.29.11:755][  0]LogConfig: Applying CVar settings from Section [FoliageQuality@3] File [D:/Dokumenty/pulpit/moje projekty/2020/programowanie/Ball Runner/BallRunner/Saved/Config/Windows/Scalability.ini]
[2020.06.25-12.29.11:756][  0]LogConfig: Setting CVar [[foliage.DensityScale:1.0]]
[2020.06.25-12.29.11:756][  0]LogConfig: Setting CVar [[grass.DensityScale:1.0]]
[2020.06.25-12.29.11:757][  0]LogInit: Selected Device Profile: [Windows]
[2020.06.25-12.29.11:757][  0]LogInit: Applying CVar settings loaded from the selected device profile: [Windows]
[2020.06.25-12.29.11:822][  0]LogHAL: Display: Platform has ~ 16 GB [17029718016 / 17179869184 / 16], which maps to Larger [LargestMinGB=32, LargerMinGB=12, DefaultMinGB=8, SmallerMinGB=6, SmallestMinGB=0)
[2020.06.25-12.29.11:823][  0]LogConfig: Setting CVar [[r.Vulkan.UseRealUBs:0		; Required until we fix HLR fall-out]]
[2020.06.25-12.29.11:823][  0]LogInit: Going up to parent DeviceProfile []
[2020.06.25-12.29.11:824][  0]LogConfig: Applying CVar settings from Section [ViewDistanceQuality@3] File [D:/Dokumenty/pulpit/moje projekty/2020/programowanie/Ball Runner/BallRunner/Saved/Config/Windows/Scalability.ini]
[2020.06.25-12.29.11:824][  0]LogConfig: Setting CVar [[r.SkeletalMeshLODBias:0]]
[2020.06.25-12.29.11:824][  0]LogConfig: Setting CVar [[r.ViewDistanceScale:1.0]]
[2020.06.25-12.29.11:824][  0]LogConfig: Applying CVar settings from Section [AntiAliasingQuality@3] File [D:/Dokumenty/pulpit/moje projekty/2020/programowanie/Ball Runner/BallRunner/Saved/Config/Windows/Scalability.ini]
[2020.06.25-12.29.11:824][  0]LogConfig: Setting CVar [[r.PostProcessAAQuality:4]]
[2020.06.25-12.29.11:824][  0]LogConfig: Applying CVar settings from Section [ShadowQuality@3] File [D:/Dokumenty/pulpit/moje projekty/2020/programowanie/Ball Runner/BallRunner/Saved/Config/Windows/Scalability.ini]
[2020.06.25-12.29.11:824][  0]LogConfig: Setting CVar [[r.LightFunctionQuality:1]]
[2020.06.25-12.29.11:824][  0]LogConfig: Setting CVar [[r.ShadowQuality:5]]
[2020.06.25-12.29.11:824][  0]LogConfig: Setting CVar [[r.Shadow.CSM.MaxCascades:10]]
[2020.06.25-12.29.11:824][  0]LogConfig: Setting CVar [[r.Shadow.MaxResolution:2048]]
[2020.06.25-12.29.11:824][  0]LogConfig: Setting CVar [[r.Shadow.MaxCSMResolution:2048]]
[2020.06.25-12.29.11:824][  0]LogConfig: Setting CVar [[r.Shadow.RadiusThreshold:0.01]]
[2020.06.25-12.29.11:824][  0]LogConfig: Setting CVar [[r.Shadow.DistanceScale:1.0]]
[2020.06.25-12.29.11:824][  0]LogConfig: Setting CVar [[r.Shadow.CSM.TransitionScale:1.0]]
[2020.06.25-12.29.11:824][  0]LogConfig: Setting CVar [[r.Shadow.PreShadowResolutionFactor:1.0]]
[2020.06.25-12.29.11:824][  0]LogConfig: Setting CVar [[r.DistanceFieldShadowing:1]]
[2020.06.25-12.29.11:824][  0]LogConfig: Setting CVar [[r.DistanceFieldAO:1]]
[2020.06.25-12.29.11:824][  0]LogConfig: Setting CVar [[r.AOQuality:2]]
[2020.06.25-12.29.11:824][  0]LogConfig: Setting CVar [[r.VolumetricFog:1]]
[2020.06.25-12.29.11:824][  0]LogConfig: Setting CVar [[r.VolumetricFog.GridPixelSize:8]]
[2020.06.25-12.29.11:824][  0]LogConfig: Setting CVar [[r.VolumetricFog.GridSizeZ:128]]
[2020.06.25-12.29.11:824][  0]LogConfig: Setting CVar [[r.VolumetricFog.HistoryMissSupersampleCount:4]]
[2020.06.25-12.29.11:824][  0]LogConfig: Setting CVar [[r.LightMaxDrawDistanceScale:1]]
[2020.06.25-12.29.11:824][  0]LogConfig: Setting CVar [[r.CapsuleShadows:1]]
[2020.06.25-12.29.11:824][  0]LogConfig: Applying CVar settings from Section [PostProcessQuality@3] File [D:/Dokumenty/pulpit/moje projekty/2020/programowanie/Ball Runner/BallRunner/Saved/Config/Windows/Scalability.ini]
[2020.06.25-12.29.11:824][  0]LogConfig: Setting CVar [[r.MotionBlurQuality:4]]
[2020.06.25-12.29.11:824][  0]LogConfig: Setting CVar [[r.AmbientOcclusionMipLevelFactor:0.4]]
[2020.06.25-12.29.11:824][  0]LogConfig: Setting CVar [[r.AmbientOcclusionMaxQuality:100]]
[2020.06.25-12.29.11:824][  0]LogConfig: Setting CVar [[r.AmbientOcclusionLevels:-1]]
[2020.06.25-12.29.11:824][  0]LogConfig: Setting CVar [[r.AmbientOcclusionRadiusScale:1.0]]
[2020.06.25-12.29.11:824][  0]LogConfig: Setting CVar [[r.DepthOfFieldQuality:2]]
[2020.06.25-12.29.11:824][  0]LogConfig: Setting CVar [[r.RenderTargetPoolMin:400]]
[2020.06.25-12.29.11:824][  0]LogConfig: Setting CVar [[r.LensFlareQuality:2]]
[2020.06.25-12.29.11:824][  0]LogConfig: Setting CVar [[r.SceneColorFringeQuality:1]]
[2020.06.25-12.29.11:824][  0]LogConfig: Setting CVar [[r.EyeAdaptationQuality:2]]
[2020.06.25-12.29.11:824][  0]LogConfig: Setting CVar [[r.BloomQuality:5]]
[2020.06.25-12.29.11:824][  0]LogConfig: Setting CVar [[r.FastBlurThreshold:100]]
[2020.06.25-12.29.11:824][  0]LogConfig: Setting CVar [[r.Upscale.Quality:3]]
[2020.06.25-12.29.11:824][  0]LogConfig: Setting CVar [[r.Tonemapper.GrainQuantization:1]]
[2020.06.25-12.29.11:824][  0]LogConfig: Setting CVar [[r.LightShaftQuality:1]]
[2020.06.25-12.29.11:824][  0]LogConfig: Setting CVar [[r.Filter.SizeScale:1]]
[2020.06.25-12.29.11:824][  0]LogConfig: Setting CVar [[r.Tonemapper.Quality:5]]
[2020.06.25-12.29.11:824][  0]LogConfig: Setting CVar [[r.DOF.Gather.AccumulatorQuality:1        ; higher gathering accumulator quality]]
[2020.06.25-12.29.11:824][  0]LogConfig: Setting CVar [[r.DOF.Gather.PostfilterMethod:1          ; Median3x3 postfilering method]]
[2020.06.25-12.29.11:824][  0]LogConfig: Setting CVar [[r.DOF.Gather.EnableBokehSettings:0       ; no bokeh simulation when gathering]]
[2020.06.25-12.29.11:824][  0]LogConfig: Setting CVar [[r.DOF.Gather.RingCount:4                 ; medium number of samples when gathering]]
[2020.06.25-12.29.11:824][  0]LogConfig: Setting CVar [[r.DOF.Scatter.ForegroundCompositing:1    ; additive foreground scattering]]
[2020.06.25-12.29.11:824][  0]LogConfig: Setting CVar [[r.DOF.Scatter.BackgroundCompositing:2    ; additive background scattering]]
[2020.06.25-12.29.11:824][  0]LogConfig: Setting CVar [[r.DOF.Scatter.EnableBokehSettings:1      ; bokeh simulation when scattering]]
[2020.06.25-12.29.11:824][  0]LogConfig: Setting CVar [[r.DOF.Scatter.MaxSpriteRatio:0.1         ; only a maximum of 10% of scattered bokeh]]
[2020.06.25-12.29.11:824][  0]LogConfig: Setting CVar [[r.DOF.Recombine.Quality:1                ; cheap slight out of focus]]
[2020.06.25-12.29.11:824][  0]LogConfig: Setting CVar [[r.DOF.Recombine.EnableBokehSettings:0    ; no bokeh simulation on slight out of focus]]
[2020.06.25-12.29.11:824][  0]LogConfig: Setting CVar [[r.DOF.TemporalAAQuality:1                ; more stable temporal accumulation]]
[2020.06.25-12.29.11:825][  0]LogConfig: Setting CVar [[r.DOF.Kernel.MaxForegroundRadius:0.025]]
[2020.06.25-12.29.11:825][  0]LogConfig: Setting CVar [[r.DOF.Kernel.MaxBackgroundRadius:0.025]]
[2020.06.25-12.29.11:825][  0]LogConfig: Applying CVar settings from Section [TextureQuality@3] File [D:/Dokumenty/pulpit/moje projekty/2020/programowanie/Ball Runner/BallRunner/Saved/Config/Windows/Scalability.ini]
[2020.06.25-12.29.11:825][  0]LogConfig: Setting CVar [[r.Streaming.MipBias:0]]
[2020.06.25-12.29.11:825][  0]LogConfig: Setting CVar [[r.Streaming.AmortizeCPUToGPUCopy:0]]
[2020.06.25-12.29.11:825][  0]LogConfig: Setting CVar [[r.Streaming.MaxNumTexturesToStreamPerFrame:0]]
[2020.06.25-12.29.11:825][  0]LogConfig: Setting CVar [[r.Streaming.Boost:1]]
[2020.06.25-12.29.11:825][  0]LogConfig: Setting CVar [[r.MaxAnisotropy:8]]
[2020.06.25-12.29.11:825][  0]LogConfig: Setting CVar [[r.Streaming.LimitPoolSizeToVRAM:0]]
[2020.06.25-12.29.11:825][  0]LogConfig: Setting CVar [[r.Streaming.PoolSize:1000]]
[2020.06.25-12.29.11:825][  0]LogConfig: Setting CVar [[r.Streaming.MaxEffectiveScreenSize:0]]
[2020.06.25-12.29.11:825][  0]LogConfig: Applying CVar settings from Section [EffectsQuality@3] File [D:/Dokumenty/pulpit/moje projekty/2020/programowanie/Ball Runner/BallRunner/Saved/Config/Windows/Scalability.ini]
[2020.06.25-12.29.11:825][  0]LogConfig: Setting CVar [[r.TranslucencyLightingVolumeDim:64]]
[2020.06.25-12.29.11:825][  0]LogConfig: Setting CVar [[r.RefractionQuality:2]]
[2020.06.25-12.29.11:825][  0]LogConfig: Setting CVar [[r.SSR.Quality:3]]
[2020.06.25-12.29.11:825][  0]LogConfig: Setting CVar [[r.SceneColorFormat:4]]
[2020.06.25-12.29.11:825][  0]LogConfig: Setting CVar [[r.DetailMode:2]]
[2020.06.25-12.29.11:825][  0]LogConfig: Setting CVar [[r.TranslucencyVolumeBlur:1]]
[2020.06.25-12.29.11:825][  0]LogConfig: Setting CVar [[r.MaterialQualityLevel:1 ; High quality]]
[2020.06.25-12.29.11:825][  0]LogConfig: Setting CVar [[r.SSS.Scale:1]]
[2020.06.25-12.29.11:825][  0]LogConfig: Setting CVar [[r.SSS.SampleSet:2]]
[2020.06.25-12.29.11:825][  0]LogConfig: Setting CVar [[r.SSS.Quality:1]]
[2020.06.25-12.29.11:825][  0]LogConfig: Setting CVar [[r.SSS.HalfRes:1]]
[2020.06.25-12.29.11:825][  0]LogConfig: Setting CVar [[r.EmitterSpawnRateScale:1.0]]
[2020.06.25-12.29.11:825][  0]LogConfig: Setting CVar [[r.ParticleLightQuality:2]]
[2020.06.25-12.29.11:825][  0]LogConfig: Applying CVar settings from Section [FoliageQuality@3] File [D:/Dokumenty/pulpit/moje projekty/2020/programowanie/Ball Runner/BallRunner/Saved/Config/Windows/Scalability.ini]
[2020.06.25-12.29.11:825][  0]LogConfig: Setting CVar [[foliage.DensityScale:1.0]]
[2020.06.25-12.29.11:825][  0]LogConfig: Setting CVar [[grass.DensityScale:1.0]]
[2020.06.25-12.29.11:825][  0]LogConfig: Applying CVar settings from Section [Startup] File [../../../Engine/Config/ConsoleVariables.ini]
[2020.06.25-12.29.11:829][  0]LogConfig: Setting CVar [[net.UseAdaptiveNetUpdateFrequency:0]]
[2020.06.25-12.29.11:829][  0]LogConfig: Setting CVar [[p.chaos.AllowCreatePhysxBodies:1]]
[2020.06.25-12.29.11:829][  0]LogConfig: Applying CVar settings from Section [ConsoleVariables] File [D:/Dokumenty/pulpit/moje projekty/2020/programowanie/Ball Runner/BallRunner/Saved/Config/Windows/Engine.ini]
[2020.06.25-12.29.11:830][  0]LogInit: Computer: DESKTOP-LMU1FHJ
[2020.06.25-12.29.11:830][  0]LogInit: User: User
[2020.06.25-12.29.11:830][  0]LogInit: CPU Page size=4096, Cores=6
[2020.06.25-12.29.11:830][  0]LogInit: High frequency timer resolution =10.000000 MHz
[2020.06.25-12.29.11:830][  0]LogMemory: Memory total: Physical=15.9GB (16GB approx)
[2020.06.25-12.29.11:830][  0]LogMemory: Platform Memory Stats for Windows
[2020.06.25-12.29.11:830][  0]LogMemory: Process Physical Memory: 100.48 MB used, 100.48 MB peak
[2020.06.25-12.29.11:830][  0]LogMemory: Process Virtual Memory: 89.93 MB used, 89.93 MB peak
[2020.06.25-12.29.11:830][  0]LogMemory: Physical Memory: 11004.24 MB used,  5236.56 MB free, 16240.80 MB total
[2020.06.25-12.29.11:830][  0]LogMemory: Virtual Memory: 4661.12 MB used,  134213064.00 MB free, 134217728.00 MB total
[2020.06.25-12.29.12:076][  0]LogInit: Using OS detected language (pl-PL).
[2020.06.25-12.29.12:076][  0]LogInit: Using OS detected locale (pl-PL).
[2020.06.25-12.29.12:082][  0]LogTextLocalizationManager: No specific localization for 'pl-PL' exists, so the 'pl' localization will be used.
[2020.06.25-12.29.12:083][  0]LogTextLocalizationResource: LocRes '../../../Engine/Content/Localization/Editor/pl/Editor.locres' could not be opened for reading!
[2020.06.25-12.29.12:084][  0]LogTextLocalizationResource: LocRes '../../../Engine/Content/Localization/EditorTutorials/pl/EditorTutorials.locres' could not be opened for reading!
[2020.06.25-12.29.12:084][  0]LogTextLocalizationResource: LocRes '../../../Engine/Content/Localization/Keywords/pl/Keywords.locres' could not be opened for reading!
[2020.06.25-12.29.12:084][  0]LogTextLocalizationResource: LocRes '../../../Engine/Content/Localization/Category/pl/Category.locres' could not be opened for reading!
[2020.06.25-12.29.12:085][  0]LogTextLocalizationResource: LocRes '../../../Engine/Content/Localization/ToolTips/pl/ToolTips.locres' could not be opened for reading!
[2020.06.25-12.29.12:085][  0]LogTextLocalizationResource: LocRes '../../../Engine/Content/Localization/PropertyNames/pl/PropertyNames.locres' could not be opened for reading!
[2020.06.25-12.29.12:085][  0]LogTextLocalizationResource: LocRes '../../../Engine/Content/Localization/Engine/pl/Engine.locres' could not be opened for reading!
[2020.06.25-12.29.12:181][  0]LogSlate: New Slate User Created.  User Index 0, Is Virtual User: 0
[2020.06.25-12.29.12:181][  0]LogSlate: Slate User Registered.  User Index 0, Is Virtual User: 0
[2020.06.25-12.29.13:456][  0]LogHMD: Failed to initialize OpenVR with code 110
[2020.06.25-12.29.13:456][  0]LogD3D11RHI: D3D11 adapters:
[2020.06.25-12.29.13:564][  0]LogD3D11RHI:    0. 'NVIDIA GeForce GTX 1050 Ti' (Feature Level 11_0)
[2020.06.25-12.29.13:564][  0]LogD3D11RHI:       4018/0/8120 MB DedicatedVideo/DedicatedSystem/SharedSystem, Outputs:3, VendorId:0x10de
[2020.06.25-12.29.13:613][  0]LogD3D11RHI:    1. 'Intel(R) UHD Graphics 630' (Feature Level 11_0)
[2020.06.25-12.29.13:613][  0]LogD3D11RHI:       128/0/8120 MB DedicatedVideo/DedicatedSystem/SharedSystem, Outputs:0, VendorId:0x8086
[2020.06.25-12.29.13:620][  0]LogD3D11RHI:    2. 'Microsoft Basic Render Driver' (Feature Level 11_0)
[2020.06.25-12.29.13:620][  0]LogD3D11RHI:       0/0/8120 MB DedicatedVideo/DedicatedSystem/SharedSystem, Outputs:0, VendorId:0x1414
[2020.06.25-12.29.13:620][  0]LogD3D11RHI: Chosen D3D11 Adapter: 0
[2020.06.25-12.29.13:658][  0]LogD3D11RHI: Creating new Direct3DDevice
[2020.06.25-12.29.13:658][  0]LogD3D11RHI:     GPU DeviceId: 0x1c8c (for the marketing name, search the web for "GPU Device Id")
[2020.06.25-12.29.13:658][  0]LogWindows: EnumDisplayDevices:
[2020.06.25-12.29.13:658][  0]LogWindows:    0. 'Intel(R) UHD Graphics 630' (P:1 D:1)
[2020.06.25-12.29.13:659][  0]LogWindows:    1. 'Intel(R) UHD Graphics 630' (P:0 D:1)
[2020.06.25-12.29.13:659][  0]LogWindows:    2. 'Intel(R) UHD Graphics 630' (P:0 D:0)
[2020.06.25-12.29.13:659][  0]LogWindows:    3. 'NVIDIA GeForce GTX 1050 Ti' (P:0 D:1)
[2020.06.25-12.29.13:659][  0]LogWindows: DebugString: PrimaryIsNotTheChoosenAdapter PrimaryIsNotTheChoosenAdapter PrimaryIsNotTheChoosenAdapter 
[2020.06.25-12.29.13:659][  0]LogD3D11RHI:     Adapter Name: NVIDIA GeForce GTX 1050 Ti
[2020.06.25-12.29.13:659][  0]LogD3D11RHI:   Driver Version: 445.87 (internal:26.21.14.4587, unified:445.87)
[2020.06.25-12.29.13:659][  0]LogD3D11RHI:      Driver Date: 4-3-2020
[2020.06.25-12.29.13:659][  0]LogRHI: Texture pool is 2812 MB (70% of 4018 MB)
[2020.06.25-12.29.13:711][  0]LogD3D11RHI: Async texture creation enabled
[2020.06.25-12.29.13:738][  0]LogRendererCore: FGlobalReadBuffer::InitRHI
[2020.06.25-12.29.13:740][  0]LogRendererCore: FGlobalReadBuffer::InitRHI
[2020.06.25-12.29.13:740][  0]LogRendererCore: FGlobalReadBuffer::InitRHI
[2020.06.25-12.29.13:750][  0]LogD3D11RHI: GPU Timing Frequency: 1000.000000 (Debug: 2 1)
[2020.06.25-12.29.14:188][  0]LogTemp: Display: Module 'AllDesktopTargetPlatform' loaded TargetPlatform 'AllDesktop'
[2020.06.25-12.29.14:207][  0]LogTemp: Display: Module 'MacClientTargetPlatform' loaded TargetPlatform 'MacClient'
[2020.06.25-12.29.14:227][  0]LogTemp: Display: Module 'MacNoEditorTargetPlatform' loaded TargetPlatform 'MacNoEditor'
[2020.06.25-12.29.14:246][  0]LogTemp: Display: Module 'MacServerTargetPlatform' loaded TargetPlatform 'MacServer'
[2020.06.25-12.29.14:269][  0]LogTemp: Display: Module 'MacTargetPlatform' loaded TargetPlatform 'Mac'
[2020.06.25-12.29.14:289][  0]LogTemp: Display: Module 'WindowsClientTargetPlatform' loaded TargetPlatform 'WindowsClient'
[2020.06.25-12.29.14:308][  0]LogTemp: Display: Module 'WindowsNoEditorTargetPlatform' loaded TargetPlatform 'WindowsNoEditor'
[2020.06.25-12.29.14:353][  0]LogTemp: Display: Module 'WindowsServerTargetPlatform' loaded TargetPlatform 'WindowsServer'
[2020.06.25-12.29.14:368][  0]LogTemp: Display: Module 'WindowsTargetPlatform' loaded TargetPlatform 'Windows'
[2020.06.25-12.29.14:455][  0]LogTemp: Display: Module 'AndroidTargetPlatform' loaded TargetPlatform 'Android'
[2020.06.25-12.29.14:455][  0]LogTemp: Display: Module 'AndroidTargetPlatform' loaded TargetPlatform 'Android_ASTC'
[2020.06.25-12.29.14:455][  0]LogTemp: Display: Module 'AndroidTargetPlatform' loaded TargetPlatform 'Android_ATC'
[2020.06.25-12.29.14:455][  0]LogTemp: Display: Module 'AndroidTargetPlatform' loaded TargetPlatform 'Android_DXT'
[2020.06.25-12.29.14:455][  0]LogTemp: Display: Module 'AndroidTargetPlatform' loaded TargetPlatform 'Android_ETC1'
[2020.06.25-12.29.14:455][  0]LogTemp: Display: Module 'AndroidTargetPlatform' loaded TargetPlatform 'Android_ETC1a'
[2020.06.25-12.29.14:455][  0]LogTemp: Display: Module 'AndroidTargetPlatform' loaded TargetPlatform 'Android_ETC2'
[2020.06.25-12.29.14:455][  0]LogTemp: Display: Module 'AndroidTargetPlatform' loaded TargetPlatform 'Android_PVRTC'
[2020.06.25-12.29.14:455][  0]LogTemp: Display: Module 'AndroidTargetPlatform' loaded TargetPlatform 'AndroidClient'
[2020.06.25-12.29.14:455][  0]LogTemp: Display: Module 'AndroidTargetPlatform' loaded TargetPlatform 'Android_ASTCClient'
[2020.06.25-12.29.14:456][  0]LogTemp: Display: Module 'AndroidTargetPlatform' loaded TargetPlatform 'Android_ATCClient'
[2020.06.25-12.29.14:456][  0]LogTemp: Display: Module 'AndroidTargetPlatform' loaded TargetPlatform 'Android_DXTClient'
[2020.06.25-12.29.14:456][  0]LogTemp: Display: Module 'AndroidTargetPlatform' loaded TargetPlatform 'Android_ETC1Client'
[2020.06.25-12.29.14:456][  0]LogTemp: Display: Module 'AndroidTargetPlatform' loaded TargetPlatform 'Android_ETC1aClient'
[2020.06.25-12.29.14:456][  0]LogTemp: Display: Module 'AndroidTargetPlatform' loaded TargetPlatform 'Android_ETC2Client'
[2020.06.25-12.29.14:456][  0]LogTemp: Display: Module 'AndroidTargetPlatform' loaded TargetPlatform 'Android_PVRTCClient'
[2020.06.25-12.29.14:456][  0]LogTemp: Display: Module 'AndroidTargetPlatform' loaded TargetPlatform 'Android_Multi'
[2020.06.25-12.29.14:456][  0]LogTemp: Display: Module 'AndroidTargetPlatform' loaded TargetPlatform 'Android_MultiClient'
[2020.06.25-12.29.14:466][  0]LogTemp: Display: Module 'HTML5TargetPlatform' loaded TargetPlatform 'HTML5'
[2020.06.25-12.29.14:542][  0]LogTemp: Display: Module 'IOSTargetPlatform' loaded TargetPlatform 'IOSClient'
[2020.06.25-12.29.14:542][  0]LogTemp: Display: Module 'IOSTargetPlatform' loaded TargetPlatform 'IOS'
[2020.06.25-12.29.14:572][  0]LogTemp: Display: Module 'TVOSTargetPlatform' loaded TargetPlatform 'TVOSClient'
[2020.06.25-12.29.14:572][  0]LogTemp: Display: Module 'TVOSTargetPlatform' loaded TargetPlatform 'TVOS'
[2020.06.25-12.29.14:590][  0]LogTemp: Display: Module 'LinuxClientTargetPlatform' loaded TargetPlatform 'LinuxClient'
[2020.06.25-12.29.14:609][  0]LogTemp: Display: Module 'LinuxNoEditorTargetPlatform' loaded TargetPlatform 'LinuxNoEditor'
[2020.06.25-12.29.14:627][  0]LogTemp: Display: Module 'LinuxServerTargetPlatform' loaded TargetPlatform 'LinuxServer'
[2020.06.25-12.29.14:652][  0]LogTemp: Display: Module 'LinuxTargetPlatform' loaded TargetPlatform 'Linux'
[2020.06.25-12.29.14:708][  0]LogTemp: Display: Module 'LuminTargetPlatform' loaded TargetPlatform 'Lumin'
[2020.06.25-12.29.14:708][  0]LogTemp: Display: Module 'LuminTargetPlatform' loaded TargetPlatform 'LuminClient'
[2020.06.25-12.29.14:708][  0]LogTargetPlatformManager: Display: Building Assets For Windows
[2020.06.25-12.29.14:769][  0]LogAudioDebug: Display: Lib vorbis DLL was dynamically loaded.
[2020.06.25-12.29.15:065][  0]LogShaderCompilers: Guid format shader working directory is -31 characters bigger than the processId version (D:/Dokumenty/pulpit/moje projekty/2020/programowanie/Ball Runner/BallRunner/Intermediate/Shaders/WorkingDirectory/14024/).
[2020.06.25-12.29.15:065][  0]LogShaderCompilers: Cleaned the shader compiler working directory 'C:/Users/User/AppData/Local/Temp/UnrealShaderWorkingDir/6E479117492E4E601CCF0F923A556D6B/'.
[2020.06.25-12.29.15:068][  0]LogXGEController: Cleaning working directory: C:/Users/User/AppData/Local/Temp/UnrealXGEWorkingDir/
[2020.06.25-12.29.15:068][  0]LogXGEController: Cannot use XGE Controller as Incredibuild is not installed on this machine.
[2020.06.25-12.29.15:068][  0]LogShaderCompilers: Cannot use XGE Shader Compiler as Incredibuild is not installed on this machine.
[2020.06.25-12.29.15:068][  0]LogShaderCompilers: Display: Using Local Shader Compiler.
[2020.06.25-12.29.16:915][  0]LogDerivedDataCache: Display: Max Cache Size: 512 MB
[2020.06.25-12.29.16:999][  0]LogDerivedDataCache: Loaded boot cache 0.08s 71MB C:/Users/User/AppData/Local/UnrealEngine/4.22/DerivedDataCache/Boot.ddc.
[2020.06.25-12.29.16:999][  0]LogDerivedDataCache: Display: Loaded Boot cache: C:/Users/User/AppData/Local/UnrealEngine/4.22/DerivedDataCache/Boot.ddc
[2020.06.25-12.29.16:999][  0]LogDerivedDataCache: FDerivedDataBackendGraph:  Pak pak cache file D:/Dokumenty/pulpit/moje projekty/2020/programowanie/Ball Runner/BallRunner/DerivedDataCache/DDC.ddp not found, will not use a pak cache.
[2020.06.25-12.29.16:999][  0]LogDerivedDataCache: Unable to find inner node Pak for hierarchical cache Hierarchy.
[2020.06.25-12.29.16:999][  0]LogDerivedDataCache: FDerivedDataBackendGraph:  CompressedPak pak cache file D:/Dokumenty/pulpit/moje projekty/2020/programowanie/Ball Runner/BallRunner/DerivedDataCache/Compressed.ddp not found, will not use a pak cache.
[2020.06.25-12.29.16:999][  0]LogDerivedDataCache: Unable to find inner node CompressedPak for hierarchical cache Hierarchy.
[2020.06.25-12.29.17:027][  0]LogDerivedDataCache: Display: Pak cache opened for reading ../../../Engine/DerivedDataCache/Compressed.ddp.
[2020.06.25-12.29.17:027][  0]LogDerivedDataCache: FDerivedDataBackendGraph:  EnterprisePak pak cache file ../../../Enterprise/DerivedDataCache/Compressed.ddp not found, will not use a pak cache.
[2020.06.25-12.29.17:027][  0]LogDerivedDataCache: Unable to find inner node EnterprisePak for hierarchical cache Hierarchy.
[2020.06.25-12.29.17:040][  0]LogDerivedDataCache: Using Local data cache path C:/Users/User/AppData/Local/UnrealEngine/Common/DerivedDataCache: Writable
[2020.06.25-12.29.17:040][  0]LogDerivedDataCache: Shared data cache path not found in *engine.ini, will not use an Shared cache.
[2020.06.25-12.29.17:040][  0]LogDerivedDataCache: Unable to find inner node Shared for hierarchical cache Hierarchy.
[2020.06.25-12.29.17:061][  0]LogMaterial: Verifying Global Shaders for PCD3D_SM5
[2020.06.25-12.29.17:066][  0]LogSlate: Using FreeType 2.6.0
[2020.06.25-12.29.17:074][  0]LogSlate: SlateFontServices - WITH_FREETYPE: 1, WITH_HARFBUZZ: 1
[2020.06.25-12.29.17:659][  0]LogAssetRegistry: FAssetRegistry took 0.0336 seconds to start up
[2020.06.25-12.29.18:092][  0]LogInit: Selected Device Profile: [Windows]
[2020.06.25-12.29.18:467][  0]LogMeshReduction: Using QuadricMeshReduction for automatic static mesh reduction
[2020.06.25-12.29.18:467][  0]LogMeshReduction: Using SimplygonMeshReduction for automatic skeletal mesh reduction
[2020.06.25-12.29.18:467][  0]LogMeshReduction: Using ProxyLODMeshReduction for automatic mesh merging
[2020.06.25-12.29.18:467][  0]LogMeshReduction: No distributed automatic mesh merging module available
[2020.06.25-12.29.18:467][  0]LogMeshMerging: No distributed automatic mesh merging module available
[2020.06.25-12.29.18:513][  0]LogNetVersion: BallRunner_AnnaPytlewska 1.0.0, NetCL: 5660361, EngineNetVer: 10, GameNetVer: 0 (Checksum: 229356640)
[2020.06.25-12.29.19:387][  0]LogPackageLocalizationCache: Processed 10 localized package path(s) for 1 prioritized culture(s) in 0.054189 seconds
[2020.06.25-12.29.19:394][  0]LogUObjectArray: 42205 objects as part of root set at end of initial load.
[2020.06.25-12.29.19:394][  0]LogUObjectAllocator: 7325032 out of 0 bytes used by permanent object pool.
[2020.06.25-12.29.19:394][  0]LogUObjectArray: CloseDisregardForGC: 0/0 objects in disregard for GC pool
[2020.06.25-12.29.25:429][  0]LogTcpMessaging: Initializing TcpMessaging bridge
[2020.06.25-12.29.25:453][  0]LogUdpMessaging: Initializing bridge on interface 0.0.0.0:0 to multicast group 230.0.0.1:6666.
[2020.06.25-12.29.25:747][  0]SourceControl: Source control is disabled
[2020.06.25-12.29.25:747][  0]SourceControl: Source control is disabled
[2020.06.25-12.29.25:775][  0]SourceControl: Source control is disabled
[2020.06.25-12.29.25:785][  0]SourceControl: Source control is disabled
[2020.06.25-12.29.26:358][  0]LogAndroidPermission: UAndroidPermissionCallbackProxy::GetInstance
[2020.06.25-12.29.26:623][  0]LogOcInput: OculusInput pre-init called
[2020.06.25-12.29.27:435][  0]LogEngine: Initializing Engine...
[2020.06.25-12.29.27:438][  0]LogHMD: Failed to initialize OpenVR with code 110
[2020.06.25-12.29.27:440][  0]LogStats: UGameplayTagsManager::InitializeManager -  0.000 s
[2020.06.25-12.29.27:780][  0]LogInit: Initializing FReadOnlyCVARCache
[2020.06.25-12.29.27:838][  0]LogAIModule: Creating AISystem for world Untitled
[2020.06.25-12.29.27:883][  0]LogInit: XAudio2 using 'Speakers/Headphones (Realtek(R) Audio)' : 2 channels at 48 kHz using 32 bits per sample (channel mask 0x3)
[2020.06.25-12.29.28:017][  0]LogInit: FAudioDevice initialized.
[2020.06.25-12.29.28:017][  0]LogNetVersion: Set ProjectVersion to 1.0.0.0. Version Checksum will be recalculated on next use.
[2020.06.25-12.29.28:064][  0]LogDerivedDataCache: Saved boot cache 0.05s 71MB C:/Users/User/AppData/Local/UnrealEngine/4.22/DerivedDataCache/Boot.ddc.
[2020.06.25-12.29.28:069][  0]LogInit: Texture streaming: Enabled
[2020.06.25-12.29.28:116][  0]LogEngineSessionManager: EngineSessionManager initialized
[2020.06.25-12.29.28:563][  0]LogInit: Transaction tracking system initialized
[2020.06.25-12.29.28:660][  0]BlueprintLog: New page: Editor Load
[2020.06.25-12.29.29:011][  0]LocalizationService: Localization service is disabled
[2020.06.25-12.29.30:955][  0]LogFileCache: Scanning file cache for directory 'D:/Dokumenty/pulpit/moje projekty/2020/programowanie/Ball Runner/BallRunner/Content/' took 0.02s
[2020.06.25-12.29.30:955][  0]LogCook: Display: Max memory allowance for cook 16384mb min free memory 0mb
[2020.06.25-12.29.30:955][  0]LogCook: Display: Mobile HDR setting 1
[2020.06.25-12.29.31:749][  0]SourceControl: Source control is disabled
[2020.06.25-12.29.31:752][  0]Cmd: MAP LOAD FILE="D:/Dokumenty/pulpit/moje projekty/2020/programowanie/Ball Runner/BallRunner/Content/Levels/MainLevel.umap" TEMPLATE=0 SHOWPROGRESS=1 FEATURELEVEL=3
[2020.06.25-12.29.31:755][  0]LightingResults: New page: Lighting Build
[2020.06.25-12.29.31:763][  0]MapCheck: New page: Map Check
[2020.06.25-12.29.31:763][  0]LightingResults: New page: Lighting Build
[2020.06.25-12.29.31:812][  0]LogUObjectHash: Compacting FUObjectHashTables data took   1.58ms
[2020.06.25-12.29.33:195][  0]LogAIModule: Creating AISystem for world MainLevel
[2020.06.25-12.29.33:230][  0]LogEditorServer: Finished looking for orphan Actors (0.000 secs)
[2020.06.25-12.29.33:279][  0]LogUObjectHash: Compacting FUObjectHashTables data took   1.41ms
[2020.06.25-12.29.33:280][  0]Cmd: MAP CHECKDEP NOCLEARLOG
[2020.06.25-12.29.33:280][  0]MapCheck: Map check complete: 0 Error(s), 0 Warning(s), took 0,087ms to complete.
[2020.06.25-12.29.33:280][  0]LogFileHelpers: Loading map 'MainLevel' took 1.529
[2020.06.25-12.29.33:487][  0]LogSlate: Updating window title bar state: overlay mode, drag disabled, window buttons hidden, title bar hidden
[2020.06.25-12.29.33:495][  0]LogSlate: Updating window title bar state: overlay mode, drag disabled, window buttons hidden, title bar hidden
[2020.06.25-12.29.33:501][  0]LogSlate: Updating window title bar state: overlay mode, drag disabled, window buttons hidden, title bar hidden
[2020.06.25-12.29.33:508][  0]LogSlate: Updating window title bar state: overlay mode, drag disabled, window buttons hidden, title bar hidden
[2020.06.25-12.29.33:532][  0]LogCollectionManager: Loaded 0 collections in 0.001206 seconds
[2020.06.25-12.29.33:584][  0]LogFileCache: Scanning file cache for directory 'D:/Dokumenty/pulpit/moje projekty/2020/programowanie/Ball Runner/BallRunner/Saved/Collections/' took 0.01s
[2020.06.25-12.29.33:585][  0]LogFileCache: Scanning file cache for directory 'D:/Dokumenty/pulpit/moje projekty/2020/programowanie/Ball Runner/BallRunner/Content/Developers/User/Collections/' took 0.01s
[2020.06.25-12.29.33:585][  0]LogFileCache: Scanning file cache for directory 'D:/Dokumenty/pulpit/moje projekty/2020/programowanie/Ball Runner/BallRunner/Content/Collections/' took 0.01s
[2020.06.25-12.29.33:585][  0]LogCollectionManager: Rebuilt the GUID cache for 0 collections in 0.000001 seconds
[2020.06.25-12.29.33:595][  0]LogContentBrowser: Native class hierarchy populated in 0.0086 seconds. Added 2732 classes and 659 folders.
[2020.06.25-12.29.33:607][  0]LogContentBrowser: Native class hierarchy updated for 'WidgetCarousel' in 0.0003 seconds. Added 0 classes and 0 folders.
[2020.06.25-12.29.33:629][  0]LogPakFile: Registered encryption key '00000000000000000000000000000000': 0 pak files mounted, 0 remain pending
[2020.06.25-12.29.33:634][  0]LogPakFile: Registered encryption key '00000000000000000000000000000000': 0 pak files mounted, 0 remain pending
[2020.06.25-12.29.33:637][  0]LogPakFile: Registered encryption key '00000000000000000000000000000000': 0 pak files mounted, 0 remain pending
[2020.06.25-12.29.33:641][  0]LogPakFile: Registered encryption key '00000000000000000000000000000000': 0 pak files mounted, 0 remain pending
[2020.06.25-12.29.33:644][  0]LogPakFile: Registered encryption key '00000000000000000000000000000000': 0 pak files mounted, 0 remain pending
[2020.06.25-12.29.33:648][  0]LogPakFile: Registered encryption key '00000000000000000000000000000000': 0 pak files mounted, 0 remain pending
[2020.06.25-12.29.33:651][  0]LogPakFile: Registered encryption key '00000000000000000000000000000000': 0 pak files mounted, 0 remain pending
[2020.06.25-12.29.33:654][  0]LogPakFile: Registered encryption key '00000000000000000000000000000000': 0 pak files mounted, 0 remain pending
[2020.06.25-12.29.33:657][  0]LogPakFile: Registered encryption key '00000000000000000000000000000000': 0 pak files mounted, 0 remain pending
[2020.06.25-12.29.33:660][  0]LogPakFile: Registered encryption key '00000000000000000000000000000000': 0 pak files mounted, 0 remain pending
[2020.06.25-12.29.33:663][  0]LogPakFile: Registered encryption key '00000000000000000000000000000000': 0 pak files mounted, 0 remain pending
[2020.06.25-12.29.33:666][  0]LogPakFile: Registered encryption key '00000000000000000000000000000000': 0 pak files mounted, 0 remain pending
[2020.06.25-12.29.33:669][  0]LogPakFile: Registered encryption key '00000000000000000000000000000000': 0 pak files mounted, 0 remain pending
[2020.06.25-12.29.33:673][  0]LogPakFile: Registered encryption key '00000000000000000000000000000000': 0 pak files mounted, 0 remain pending
[2020.06.25-12.29.33:675][  0]LogPakFile: Registered encryption key '00000000000000000000000000000000': 0 pak files mounted, 0 remain pending
[2020.06.25-12.29.33:678][  0]LogPakFile: Registered encryption key '00000000000000000000000000000000': 0 pak files mounted, 0 remain pending
[2020.06.25-12.29.33:681][  0]LogPakFile: Registered encryption key '00000000000000000000000000000000': 0 pak files mounted, 0 remain pending
[2020.06.25-12.29.33:688][  0]LogPakFile: Registered encryption key '00000000000000000000000000000000': 0 pak files mounted, 0 remain pending
[2020.06.25-12.29.33:691][  0]LogPakFile: Registered encryption key '00000000000000000000000000000000': 0 pak files mounted, 0 remain pending
[2020.06.25-12.29.33:695][  0]LogPakFile: Registered encryption key '00000000000000000000000000000000': 0 pak files mounted, 0 remain pending
[2020.06.25-12.29.33:698][  0]LogPakFile: Registered encryption key '00000000000000000000000000000000': 0 pak files mounted, 0 remain pending
[2020.06.25-12.29.33:701][  0]LogPakFile: Registered encryption key '00000000000000000000000000000000': 0 pak files mounted, 0 remain pending
[2020.06.25-12.29.33:703][  0]LogPakFile: Registered encryption key '00000000000000000000000000000000': 0 pak files mounted, 0 remain pending
[2020.06.25-12.29.33:707][  0]LogPakFile: Registered encryption key '00000000000000000000000000000000': 0 pak files mounted, 0 remain pending
[2020.06.25-12.29.33:712][  0]LogPakFile: Registered encryption key '00000000000000000000000000000000': 0 pak files mounted, 0 remain pending
[2020.06.25-12.29.33:715][  0]LogPakFile: Registered encryption key '00000000000000000000000000000000': 0 pak files mounted, 0 remain pending
[2020.06.25-12.29.34:062][  0]LogContentBrowser: Native class hierarchy updated for 'AddContentDialog' in 0.0003 seconds. Added 0 classes and 0 folders.
[2020.06.25-12.29.34:088][  0]LogContentBrowser: Native class hierarchy updated for 'SceneOutliner' in 0.0003 seconds. Added 1 classes and 2 folders.
[2020.06.25-12.29.34:149][  0]LogSlate: Took 0.002584 seconds to synchronously load lazily loaded font '../../../Engine/Content/Slate/Fonts/Roboto-Regular.ttf' (155K)
[2020.06.25-12.29.34:156][  0]LogSlate: Took 0.003071 seconds to synchronously load lazily loaded font '../../../Engine/Content/Slate/Fonts/Roboto-Bold.ttf' (160K)
[2020.06.25-12.29.34:165][  0]LogSlate: Took 0.002268 seconds to synchronously load lazily loaded font '../../../Engine/Content/Editor/Slate/Fonts/FontAwesome.ttf' (139K)
[2020.06.25-12.29.34:266][  0]LogRenderer: Reallocating scene render targets to support 1136x332 Format 10 NumSamples 1 (Frame:1).
[2020.06.25-12.29.34:620][  0]LogContentBrowser: Native class hierarchy updated for 'HierarchicalLODOutliner' in 0.0003 seconds. Added 0 classes and 0 folders.
[2020.06.25-12.29.34:620][  0]LogLoad: (Engine Initialization) Total time: 29.73 seconds
[2020.06.25-12.29.34:620][  0]LogLoad: (Engine Initialization) Total Blueprint compile time: 0.00 seconds
[2020.06.25-12.29.34:667][  0]LogAssetRegistry: Asset discovery search completed in 17.0320 seconds
[2020.06.25-12.29.34:670][  0]LogCollectionManager: Rebuilt the object cache for 0 collections in 0.000001 seconds (found 0 objects)
[2020.06.25-12.29.34:670][  0]LogCollectionManager: Fixed up redirectors for 0 collections in 0.000050 seconds (updated 0 objects)
[2020.06.25-12.29.34:671][  0]LogContentStreaming: Texture pool size now 1000 MB
[2020.06.25-12.29.34:688][  0]LogSlate: Took 0.002608 seconds to synchronously load lazily loaded font '../../../Engine/Content/Slate/Fonts/Roboto-Light.ttf' (167K)
[2020.06.25-12.29.34:887][  0]LogRenderer: Reallocating scene render targets to support 1136x348 Format 10 NumSamples 1 (Frame:2).
[2020.06.25-12.29.34:887][  0]LogSlate: Took 0.000151 seconds to synchronously load lazily loaded font '../../../Engine/Content/Slate/Fonts/Roboto-Light.ttf' (167K)
[2020.06.25-12.32.34:006][250]LogSlate: FSceneViewport::OnFocusLost() reason 0
[2020.06.25-12.32.34:220][251]LogRenderer: Reallocating scene render targets to support 1136x416 Format 10 NumSamples 1 (Frame:3914).
[2020.06.25-12.32.34:271][252]LogRenderer: Reallocating scene render targets to support 1136x432 Format 10 NumSamples 1 (Frame:3916).
[2020.06.25-12.32.34:334][253]LogRenderer: Reallocating scene render targets to support 1136x460 Format 10 NumSamples 1 (Frame:3918).
[2020.06.25-12.32.34:384][254]LogRenderer: Reallocating scene render targets to support 1136x472 Format 10 NumSamples 1 (Frame:3920).
[2020.06.25-12.32.34:513][255]LogRenderer: Reallocating scene render targets to support 1136x476 Format 10 NumSamples 1 (Frame:3922).
[2020.06.25-12.32.34:559][256]LogRenderer: Reallocating scene render targets to support 1136x540 Format 10 NumSamples 1 (Frame:3924).
[2020.06.25-12.32.34:611][257]LogRenderer: Reallocating scene render targets to support 1136x560 Format 10 NumSamples 1 (Frame:3926).
[2020.06.25-12.32.34:659][258]LogRenderer: Reallocating scene render targets to support 1136x576 Format 10 NumSamples 1 (Frame:3928).
[2020.06.25-12.32.34:706][259]LogRenderer: Reallocating scene render targets to support 1136x584 Format 10 NumSamples 1 (Frame:3930).
[2020.06.25-12.32.34:753][260]LogRenderer: Reallocating scene render targets to support 1136x596 Format 10 NumSamples 1 (Frame:3932).
[2020.06.25-12.32.34:798][261]LogRenderer: Reallocating scene render targets to support 1136x608 Format 10 NumSamples 1 (Frame:3934).
[2020.06.25-12.32.37:041][393]LogRenderer: Reallocating scene render targets to support 1136x828 Format 10 NumSamples 1 (Frame:4054).
[2020.06.25-12.33.42:563][ 77]LogRenderer: Reallocating scene render targets to support 1152x828 Format 10 NumSamples 1 (Frame:4535).
[2020.06.25-12.33.42:609][ 78]LogRenderer: Reallocating scene render targets to support 1176x828 Format 10 NumSamples 1 (Frame:4537).
[2020.06.25-12.33.42:654][ 79]LogRenderer: Reallocating scene render targets to support 1192x828 Format 10 NumSamples 1 (Frame:4539).
[2020.06.25-12.33.42:695][ 80]LogRenderer: Reallocating scene render targets to support 1208x828 Format 10 NumSamples 1 (Frame:4541).
[2020.06.25-12.33.42:738][ 81]LogRenderer: Reallocating scene render targets to support 1240x828 Format 10 NumSamples 1 (Frame:4543).
[2020.06.25-12.33.42:782][ 82]LogRenderer: Reallocating scene render targets to support 1288x828 Format 10 NumSamples 1 (Frame:4545).
[2020.06.25-12.33.42:833][ 83]LogRenderer: Reallocating scene render targets to support 1328x828 Format 10 NumSamples 1 (Frame:4547).
[2020.06.25-12.33.47:055][332]LogEditorViewport: Clicking on Actor (LMB): PlayerStart (PlayerStart)
[2020.06.25-12.33.50:835][549]LogSlate: FSceneViewport::OnFocusLost() reason 0
[2020.06.25-12.33.57:901][941]LogAssetEditorManager: Opening Asset editor for Blueprint /Game/Blueprints/BP_PlayerPawn.BP_PlayerPawn
[2020.06.25-12.33.58:265][941]LogContentBrowser: Native class hierarchy updated for 'BlueprintGraph' in 0.0006 seconds. Added 121 classes and 0 folders.
[2020.06.25-12.33.59:093][941]LogSlate: Took 0.002569 seconds to synchronously load lazily loaded font '../../../Engine/Content/Slate/Fonts/Roboto-BoldCondensed.ttf' (158K)
[2020.06.25-12.34.02:659][149]LogSlate: Window 'BP_PlayerPawn' being destroyed
[2020.06.25-12.34.02:663][149]LogSlate: Window 'BP_PlayerPawn' being destroyed
[2020.06.25-12.34.09:935][578]LogNavigationPoint: PostEditMove Clear paths rebuilt
[2020.06.25-12.34.10:573][615]LogSlate: FSceneViewport::OnFocusLost() reason 0
[2020.06.25-12.34.10:658][620]LogTemp: Repeating last play command: Selected Viewport
[2020.06.25-12.34.10:667][620]LogBlueprintUserMessages: Early PlayInEditor Detection: Level '/Game/Levels/MainLevel.MainLevel:PersistentLevel' has LevelScriptBlueprint '/Game/Levels/MainLevel.MainLevel:PersistentLevel.MainLevel' with GeneratedClass '/Game/Levels/MainLevel.MainLevel_C' with ClassGeneratedBy '/Game/Levels/MainLevel.MainLevel:PersistentLevel.MainLevel'
[2020.06.25-12.34.10:669][620]LogPlayLevel: PlayLevel: No blueprints needed recompiling
[2020.06.25-12.34.10:673][620]PIE: New page: PIE session: MainLevel (25 cze 2020, 16:34:10)
[2020.06.25-12.34.10:690][620]LogPlayLevel: Creating play world package: /Game/Levels/UEDPIE_0_MainLevel
[2020.06.25-12.34.10:695][620]LogPlayLevel: PIE: StaticDuplicateObject took: (0.005989s)
[2020.06.25-12.34.10:696][620]LogAIModule: Creating AISystem for world MainLevel
[2020.06.25-12.34.10:696][620]LogPlayLevel: PIE: World Init took: (0.001133s)
[2020.06.25-12.34.10:697][620]LogPlayLevel: PIE: Created PIE world by copying editor world from /Game/Levels/MainLevel.MainLevel to /Game/Levels/UEDPIE_0_MainLevel.MainLevel (0.007825s)
[2020.06.25-12.34.10:732][620]LogUObjectHash: Compacting FUObjectHashTables data took   2.74ms
[2020.06.25-12.34.10:743][620]LogInit: XAudio2 using 'Speakers/Headphones (Realtek(R) Audio)' : 2 channels at 48 kHz using 32 bits per sample (channel mask 0x3)
[2020.06.25-12.34.10:826][620]LogInit: FAudioDevice initialized.
[2020.06.25-12.34.10:869][620]LogLoad: Game class is 'GameModeBase'
[2020.06.25-12.34.10:885][620]LogWorld: Bringing World /Game/Levels/UEDPIE_0_MainLevel.MainLevel up for play (max tick rate 60) at 2020.06.25-14.34.10
[2020.06.25-12.34.10:889][620]LogWorld: Bringing up level for play took: 0.006856
[2020.06.25-12.34.10:920][620]LogBlueprintActionDatabase: Requesting refresh due to module change: Voice (loaded)
[2020.06.25-12.34.10:925][620]LogBlueprintActionDatabase: Requesting refresh due to module change: MovieSceneCapture (loaded)
[2020.06.25-12.34.10:926][620]LogContentBrowser: Native class hierarchy updated for 'MovieSceneCapture' in 0.0006 seconds. Added 20 classes and 0 folders.
[2020.06.25-12.34.10:929][620]PIE: Play in editor start time for /Game/Levels/UEDPIE_0_MainLevel 0,849
[2020.06.25-12.34.10:929][620]LogBlueprintUserMessages: Late PlayInEditor Detection: Level '/Game/Levels/MainLevel.MainLevel:PersistentLevel' has LevelScriptBlueprint '/Game/Levels/MainLevel.MainLevel:PersistentLevel.MainLevel' with GeneratedClass '/Game/Levels/MainLevel.MainLevel_C' with ClassGeneratedBy '/Game/Levels/MainLevel.MainLevel:PersistentLevel.MainLevel'
[2020.06.25-12.34.12:429][696]LogBlueprintUserMessages: Early EndPlayMap Detection: Level '/Game/Levels/MainLevel.MainLevel:PersistentLevel' has LevelScriptBlueprint '/Game/Levels/MainLevel.MainLevel:PersistentLevel.MainLevel' with GeneratedClass '/Game/Levels/MainLevel.MainLevel_C' with ClassGeneratedBy '/Game/Levels/MainLevel.MainLevel:PersistentLevel.MainLevel'
[2020.06.25-12.34.12:430][696]LogSlate: Updating window title bar state: overlay mode, drag disabled, window buttons hidden, title bar hidden
[2020.06.25-12.34.12:456][696]LogPlayLevel: Display: Shutting down PIE online subsystems
[2020.06.25-12.34.12:456][696]LogBlueprintUserMessages: Late EndPlayMap Detection: Level '/Game/Levels/MainLevel.MainLevel:PersistentLevel' has LevelScriptBlueprint '/Game/Levels/MainLevel.MainLevel:PersistentLevel.MainLevel' with GeneratedClass '/Game/Levels/MainLevel.MainLevel_C' with ClassGeneratedBy '/Game/Levels/MainLevel.MainLevel:PersistentLevel.MainLevel'
[2020.06.25-12.34.12:500][696]LogSlate: Updating window title bar state: overlay mode, drag disabled, window buttons hidden, title bar hidden
[2020.06.25-12.34.12:528][696]LogUObjectHash: Compacting FUObjectHashTables data took   4.24ms
[2020.06.25-12.34.12:541][697]LogPlayLevel: Display: Destroying online subsystem :Context_4
[2020.06.25-12.34.23:960][379]LogSlate: FSceneViewport::OnFocusLost() reason 2
[2020.06.25-12.34.25:477][470]LogSlate: FSceneViewport::OnFocusLost() reason 2
[2020.06.25-12.34.25:481][470]LogAssetEditorManager: Opening Asset editor for LevelScriptBlueprint /Game/Levels/MainLevel.MainLevel:PersistentLevel.MainLevel
[2020.06.25-12.35.06:893][844]LogSlate: Window 'MainLevel' being destroyed
[2020.06.25-12.35.06:898][844]LogSlate: Window 'MainLevel' being destroyed
[2020.06.25-12.35.09:994][928]LogSlate: FSceneViewport::OnFocusLost() reason 0
[2020.06.25-12.35.12:268][ 42]LogSlate: FSceneViewport::OnFocusLost() reason 2
[2020.06.25-12.35.20:346][ 42]LogSlate: Window 'Pick Parent Class' being destroyed
[2020.06.25-12.35.20:356][ 42]LogSlate: FSceneViewport::OnFocusLost() reason 2
[2020.06.25-12.35.38:520][116]LogAssetEditorManager: Opening Asset editor for Blueprint /Game/Blueprints/BP_GameMode.BP_GameMode
[2020.06.25-12.35.59:152][465]LogSlate: Prevented a slow task dialog from being summoned while a context menu was open
[2020.06.25-12.36.22:738][473]Cmd: OBJ SAVEPACKAGE PACKAGE="/Game/Blueprints/BP_GameMode" FILE="D:/Dokumenty/pulpit/moje projekty/2020/programowanie/Ball Runner/BallRunner/Content/Blueprints/BP_GameMode.uasset" SILENT=true
[2020.06.25-12.36.22:797][473]LogSavePackage: Moving 'D:/Dokumenty/pulpit/moje projekty/2020/programowanie/Ball Runner/BallRunner/Saved/BP_GameMode930BE3E8438AFC4A37C438A2343FDC04.tmp' to 'D:/Dokumenty/pulpit/moje projekty/2020/programowanie/Ball Runner/BallRunner/Content/Blueprints/BP_GameMode.uasset'
[2020.06.25-12.36.25:893][658]LogSlate: FSceneViewport::OnFocusLost() reason 0
[2020.06.25-12.36.25:987][664]BlueprintLog: New page: Compile BP_GameMode
[2020.06.25-12.36.26:180][664]LogUObjectHash: Compacting FUObjectHashTables data took   3.76ms
[2020.06.25-12.36.35:853][241]LogSlate: FSceneViewport::OnFocusLost() reason 0
[2020.06.25-12.36.35:953][247]LogTemp: Repeating last play command: Selected Viewport
[2020.06.25-12.36.35:965][247]LogBlueprintUserMessages: Early PlayInEditor Detection: Level '/Game/Levels/MainLevel.MainLevel:PersistentLevel' has LevelScriptBlueprint '/Game/Levels/MainLevel.MainLevel:PersistentLevel.MainLevel' with GeneratedClass '/Game/Levels/MainLevel.MainLevel_C' with ClassGeneratedBy '/Game/Levels/MainLevel.MainLevel:PersistentLevel.MainLevel'
[2020.06.25-12.36.35:966][247]LogPlayLevel: PlayLevel: No blueprints needed recompiling
[2020.06.25-12.36.35:967][247]PIE: New page: PIE session: MainLevel (25 cze 2020, 16:36:35)
[2020.06.25-12.36.35:967][247]LogPlayLevel: Creating play world package: /Game/Levels/UEDPIE_0_MainLevel
[2020.06.25-12.36.35:971][247]LogPlayLevel: PIE: StaticDuplicateObject took: (0.003980s)
[2020.06.25-12.36.35:971][247]LogAIModule: Creating AISystem for world MainLevel
[2020.06.25-12.36.35:971][247]LogPlayLevel: PIE: World Init took: (0.000466s)
[2020.06.25-12.36.35:971][247]LogPlayLevel: PIE: Created PIE world by copying editor world from /Game/Levels/MainLevel.MainLevel to /Game/Levels/UEDPIE_0_MainLevel.MainLevel (0.004551s)
[2020.06.25-12.36.36:000][247]LogUObjectHash: Compacting FUObjectHashTables data took   2.30ms
[2020.06.25-12.36.36:007][247]LogInit: XAudio2 using 'Speakers/Headphones (Realtek(R) Audio)' : 2 channels at 48 kHz using 32 bits per sample (channel mask 0x3)
[2020.06.25-12.36.36:086][247]LogInit: FAudioDevice initialized.
[2020.06.25-12.36.36:116][247]LogLoad: Game class is 'GameModeBase'
[2020.06.25-12.36.36:118][247]LogWorld: Bringing World /Game/Levels/UEDPIE_0_MainLevel.MainLevel up for play (max tick rate 60) at 2020.06.25-14.36.36
[2020.06.25-12.36.36:118][247]LogWorld: Bringing up level for play took: 0.000942
[2020.06.25-12.36.36:130][247]PIE: Play in editor start time for /Game/Levels/UEDPIE_0_MainLevel 0,05
[2020.06.25-12.36.36:131][247]LogBlueprintUserMessages: Late PlayInEditor Detection: Level '/Game/Levels/MainLevel.MainLevel:PersistentLevel' has LevelScriptBlueprint '/Game/Levels/MainLevel.MainLevel:PersistentLevel.MainLevel' with GeneratedClass '/Game/Levels/MainLevel.MainLevel_C' with ClassGeneratedBy '/Game/Levels/MainLevel.MainLevel:PersistentLevel.MainLevel'
[2020.06.25-12.36.38:503][389]LogBlueprintUserMessages: Early EndPlayMap Detection: Level '/Game/Levels/MainLevel.MainLevel:PersistentLevel' has LevelScriptBlueprint '/Game/Levels/MainLevel.MainLevel:PersistentLevel.MainLevel' with GeneratedClass '/Game/Levels/MainLevel.MainLevel_C' with ClassGeneratedBy '/Game/Levels/MainLevel.MainLevel:PersistentLevel.MainLevel'
[2020.06.25-12.36.38:504][389]LogSlate: Updating window title bar state: overlay mode, drag disabled, window buttons hidden, title bar hidden
[2020.06.25-12.36.38:536][389]LogPlayLevel: Display: Shutting down PIE online subsystems
[2020.06.25-12.36.38:536][389]LogBlueprintUserMessages: Late EndPlayMap Detection: Level '/Game/Levels/MainLevel.MainLevel:PersistentLevel' has LevelScriptBlueprint '/Game/Levels/MainLevel.MainLevel:PersistentLevel.MainLevel' with GeneratedClass '/Game/Levels/MainLevel.MainLevel_C' with ClassGeneratedBy '/Game/Levels/MainLevel.MainLevel:PersistentLevel.MainLevel'
[2020.06.25-12.36.38:565][389]LogSlate: Updating window title bar state: overlay mode, drag disabled, window buttons hidden, title bar hidden
[2020.06.25-12.36.38:568][389]LogUObjectHash: Compacting FUObjectHashTables data took   1.88ms
[2020.06.25-12.36.38:615][392]LogPlayLevel: Display: Destroying online subsystem :Context_7
[2020.06.25-12.38.12:185][826]LogSlate: Prevented a slow task dialog from being summoned while a context menu was open
[2020.06.25-12.38.27:216][497]LogEditorViewport: Clicking on Actor (LMB): BP_PlayerPawn_C (BP_PlayerPawn)
[2020.06.25-12.38.29:635][639]Cmd: DELETE
[2020.06.25-12.38.29:635][639]Cmd: ACTOR DELETE
[2020.06.25-12.38.29:648][639]LogEditorActor: Deleted Actor: BP_PlayerPawn_C
[2020.06.25-12.38.29:708][639]LogUObjectHash: Compacting FUObjectHashTables data took   1.54ms
[2020.06.25-12.38.29:709][639]LogEditorActor: Deleted 1 Actors (0.069 secs)
[2020.06.25-12.38.42:456][  6]LogSlate: FSceneViewport::OnFocusLost() reason 0
[2020.06.25-12.38.46:648][247]LogAssetEditorManager: Opening Asset editor for Blueprint /Game/Blueprints/BP_PlayerPawn.BP_PlayerPawn
[2020.06.25-12.38.57:452][876]LogSlate: Took 0.002568 seconds to synchronously load lazily loaded font '../../../Engine/Content/Slate/Fonts/Roboto-Italic.ttf' (157K)
[2020.06.25-12.39.27:430][658]Cmd: OBJ SAVEPACKAGE PACKAGE="/Game/Blueprints/BP_PlayerPawn" FILE="D:/Dokumenty/pulpit/moje projekty/2020/programowanie/Ball Runner/BallRunner/Content/Blueprints/BP_PlayerPawn.uasset" SILENT=true
[2020.06.25-12.39.27:565][658]LogSavePackage: Moving 'D:/Dokumenty/pulpit/moje projekty/2020/programowanie/Ball Runner/BallRunner/Saved/BP_PlayerPawn13BF54244AED37BBCAC8C9B5499358EA.tmp' to 'D:/Dokumenty/pulpit/moje projekty/2020/programowanie/Ball Runner/BallRunner/Content/Blueprints/BP_PlayerPawn.uasset'
[2020.06.25-12.39.28:146][691]BlueprintLog: New page: Compile BP_PlayerPawn
[2020.06.25-12.39.28:280][691]LogUObjectHash: Compacting FUObjectHashTables data took   2.25ms
[2020.06.25-12.39.28:995][731]Cmd: OBJ SAVEPACKAGE PACKAGE="/Game/Blueprints/BP_PlayerPawn" FILE="D:/Dokumenty/pulpit/moje projekty/2020/programowanie/Ball Runner/BallRunner/Content/Blueprints/BP_PlayerPawn.uasset" SILENT=true
[2020.06.25-12.39.29:010][731]LogSavePackage: Moving 'D:/Dokumenty/pulpit/moje projekty/2020/programowanie/Ball Runner/BallRunner/Saved/BP_PlayerPawn59F2662A4A71848FB343B6AC8BC64E27.tmp' to 'D:/Dokumenty/pulpit/moje projekty/2020/programowanie/Ball Runner/BallRunner/Content/Blueprints/BP_PlayerPawn.uasset'
[2020.06.25-12.39.39:316][220]LogEditorViewport: Clicking on Actor (LMB): PlayerStart (PlayerStart)
[2020.06.25-12.39.47:900][724]LogNavigationPoint: PostEditMove Clear paths rebuilt
[2020.06.25-12.39.49:033][789]LogSlate: FSceneViewport::OnFocusLost() reason 0
[2020.06.25-12.39.57:229][278]LogSlate: FSceneViewport::OnFocusLost() reason 0
[2020.06.25-12.40.03:751][663]LogMaterial: Display: Missing cached shader map for material LayerVisMaterial, compiling. 
[2020.06.25-12.40.03:792][663]LogMaterial: Display: Missing cached shader map for material SelectBrushMaterial, compiling. 
[2020.06.25-12.40.03:825][663]LogShaderCompilers: Display: Shaders left to compile 20
[2020.06.25-12.40.03:825][663]LogShaderCompilers: Display: Shaders left to compile 10
[2020.06.25-12.40.03:825][663]LogMaterial: Display: Missing cached shader map for material SelectBrushMaterial, compiling. 
[2020.06.25-12.40.03:977][663]LogShaderCompilers: Display: Shaders left to compile 20
[2020.06.25-12.40.03:977][663]LogShaderCompilers: Display: Shaders left to compile 10
[2020.06.25-12.40.03:977][663]LogMaterial: Display: Missing cached shader map for material MaskBrushMaterial, compiling. 
[2020.06.25-12.40.04:030][663]LogShaderCompilers: Display: Shaders left to compile 20
[2020.06.25-12.40.04:030][663]LogShaderCompilers: Display: Shaders left to compile 10
[2020.06.25-12.40.04:030][663]LogMaterial: Display: Missing cached shader map for material LandscapeLayerUsageMaterial, compiling. 
[2020.06.25-12.40.04:126][663]LogMaterial: Display: Missing cached shader map for material CircleBrushMaterial, compiling. 
[2020.06.25-12.40.04:146][663]LogMaterial: Display: Missing cached shader map for material CircleBrushMaterial, compiling. 
[2020.06.25-12.40.04:180][663]LogMaterial: Display: Missing cached shader map for material CircleBrushMaterial, compiling. 
[2020.06.25-12.40.04:212][663]LogMaterial: Display: Missing cached shader map for material CircleBrushMaterial, compiling. 
[2020.06.25-12.40.04:242][663]LogMaterial: Display: Missing cached shader map for material AlphaBrushMaterial, compiling. 
[2020.06.25-12.40.04:278][663]LogMaterial: Display: Missing cached shader map for material CircleBrushMaterial, compiling. 
[2020.06.25-12.40.04:322][663]LogMaterial: Display: Missing cached shader map for material MaskBrushMaterial, compiling. 
[2020.06.25-12.40.04:383][663]LogTexture: Display: Building textures: Texture2D_2 (G8, 128X128)
[2020.06.25-12.40.07:325][801]LogShaderCompilers: Display: Shaders left to compile 140
[2020.06.25-12.40.07:511][809]LogShaderCompilers: Display: Shaders left to compile 130
[2020.06.25-12.40.08:628][859]LogShaderCompilers: Display: Shaders left to compile 120
[2020.06.25-12.40.08:842][869]LogShaderCompilers: Display: Shaders left to compile 110
[2020.06.25-12.40.08:972][875]LogShaderCompilers: Display: Shaders left to compile 100
[2020.06.25-12.40.08:972][875]LogShaderCompilers: Display: Shaders left to compile 90
[2020.06.25-12.40.09:003][875]LogShaderCompilers: Display: Shaders left to compile 80
[2020.06.25-12.40.09:131][879]LogShaderCompilers: Display: Shaders left to compile 70
[2020.06.25-12.40.12:222][ 27]LogShaderCompilers: Display: Shaders left to compile 60
[2020.06.25-12.40.12:245][ 28]LogShaderCompilers: Display: Shaders left to compile 50
[2020.06.25-12.40.13:401][ 79]LogShaderCompilers: Display: Shaders left to compile 40
[2020.06.25-12.40.13:563][ 86]LogShaderCompilers: Display: Shaders left to compile 30
[2020.06.25-12.40.13:563][ 86]LogShaderCompilers: Display: Shaders left to compile 20
[2020.06.25-12.40.13:698][ 90]LogActorFactory: Actor Factory created Cube
[2020.06.25-12.40.13:738][ 91]LogShaderCompilers: Display: Shaders left to compile 10
[2020.06.25-12.40.14:658][134]LogActorFactory: Actor Factory created Cube
[2020.06.25-12.40.25:127][732]LogSlate: FSceneViewport::OnFocusLost() reason 0
[2020.06.25-12.40.43:832][809]LogEditorViewport: Clicking on Actor (LMB): BP_Crystal_C (BP_Crystal)
[2020.06.25-12.40.48:794][ 89]LogSlate: FSceneViewport::OnFocusLost() reason 0
[2020.06.25-12.40.48:918][ 96]LogActorFactory: Actor Factory created Plane
[2020.06.25-12.40.50:137][169]LogActorFactory: Actor Factory created Plane
[2020.06.25-12.41.19:754][900]LogEditorViewport: Clicking Background
[2020.06.25-12.41.22:220][ 43]LogEditorViewport: Clicking on Actor (LMB): PlayerStart (PlayerStart)
[2020.06.25-12.41.24:813][189]LogNavigationPoint: PostEditMove Clear paths rebuilt
[2020.06.25-12.41.25:991][258]LogNavigationPoint: PostEditMove Clear paths rebuilt
[2020.06.25-12.41.29:855][485]LogSlate: FSceneViewport::OnFocusLost() reason 0
[2020.06.25-12.41.29:939][490]LogTemp: Repeating last play command: Selected Viewport
[2020.06.25-12.41.29:948][490]LogBlueprintUserMessages: Early PlayInEditor Detection: Level '/Game/Levels/MainLevel.MainLevel:PersistentLevel' has LevelScriptBlueprint '/Game/Levels/MainLevel.MainLevel:PersistentLevel.MainLevel' with GeneratedClass '/Game/Levels/MainLevel.MainLevel_C' with ClassGeneratedBy '/Game/Levels/MainLevel.MainLevel:PersistentLevel.MainLevel'
[2020.06.25-12.41.29:948][490]LogPlayLevel: PlayLevel: No blueprints needed recompiling
[2020.06.25-12.41.29:948][490]PIE: New page: PIE session: MainLevel (25 cze 2020, 16:41:29)
[2020.06.25-12.41.29:948][490]LogPlayLevel: Creating play world package: /Game/Levels/UEDPIE_0_MainLevel
[2020.06.25-12.41.29:951][490]LogPlayLevel: PIE: StaticDuplicateObject took: (0.003641s)
[2020.06.25-12.41.29:952][490]LogAIModule: Creating AISystem for world MainLevel
[2020.06.25-12.41.29:952][490]LogPlayLevel: PIE: World Init took: (0.000741s)
[2020.06.25-12.41.29:952][490]LogPlayLevel: PIE: Created PIE world by copying editor world from /Game/Levels/MainLevel.MainLevel to /Game/Levels/UEDPIE_0_MainLevel.MainLevel (0.004476s)
[2020.06.25-12.41.29:979][490]LogUObjectHash: Compacting FUObjectHashTables data took   2.47ms
[2020.06.25-12.41.29:986][490]LogInit: XAudio2 using 'Speakers/Headphones (Realtek(R) Audio)' : 2 channels at 48 kHz using 32 bits per sample (channel mask 0x3)
[2020.06.25-12.41.30:066][490]LogInit: FAudioDevice initialized.
[2020.06.25-12.41.30:096][490]LogLoad: Game class is 'BP_GameMode_C'
[2020.06.25-12.41.30:098][490]LogWorld: Bringing World /Game/Levels/UEDPIE_0_MainLevel.MainLevel up for play (max tick rate 60) at 2020.06.25-14.41.30
[2020.06.25-12.41.30:098][490]LogWorld: Bringing up level for play took: 0.000857
[2020.06.25-12.41.30:114][490]PIE: Play in editor start time for /Game/Levels/UEDPIE_0_MainLevel 0,034
[2020.06.25-12.41.30:115][490]LogBlueprintUserMessages: Late PlayInEditor Detection: Level '/Game/Levels/MainLevel.MainLevel:PersistentLevel' has LevelScriptBlueprint '/Game/Levels/MainLevel.MainLevel:PersistentLevel.MainLevel' with GeneratedClass '/Game/Levels/MainLevel.MainLevel_C' with ClassGeneratedBy '/Game/Levels/MainLevel.MainLevel:PersistentLevel.MainLevel'
[2020.06.25-12.41.34:528][754]LogBlueprintUserMessages: Early EndPlayMap Detection: Level '/Game/Levels/MainLevel.MainLevel:PersistentLevel' has LevelScriptBlueprint '/Game/Levels/MainLevel.MainLevel:PersistentLevel.MainLevel' with GeneratedClass '/Game/Levels/MainLevel.MainLevel_C' with ClassGeneratedBy '/Game/Levels/MainLevel.MainLevel:PersistentLevel.MainLevel'
[2020.06.25-12.41.34:528][754]LogSlate: Updating window title bar state: overlay mode, drag disabled, window buttons hidden, title bar hidden
[2020.06.25-12.41.34:562][754]LogPlayLevel: Display: Shutting down PIE online subsystems
[2020.06.25-12.41.34:562][754]LogBlueprintUserMessages: Late EndPlayMap Detection: Level '/Game/Levels/MainLevel.MainLevel:PersistentLevel' has LevelScriptBlueprint '/Game/Levels/MainLevel.MainLevel:PersistentLevel.MainLevel' with GeneratedClass '/Game/Levels/MainLevel.MainLevel_C' with ClassGeneratedBy '/Game/Levels/MainLevel.MainLevel:PersistentLevel.MainLevel'
[2020.06.25-12.41.34:597][754]LogSlate: Updating window title bar state: overlay mode, drag disabled, window buttons hidden, title bar hidden
[2020.06.25-12.41.34:602][754]LogUObjectHash: Compacting FUObjectHashTables data took   1.96ms
[2020.06.25-12.41.34:636][756]LogPlayLevel: Display: Destroying online subsystem :Context_11
[2020.06.25-12.42.04:151][218]LogUObjectHash: Compacting FUObjectHashTables data took   0.73ms
[2020.06.25-12.42.04:413][218]LogSavePackage: Moving 'D:/Dokumenty/pulpit/moje projekty/2020/programowanie/Ball Runner/BallRunner/Saved/MainLevel_Auto10846B35E4DD155386F437D90F685E414.tmp' to 'D:/Dokumenty/pulpit/moje projekty/2020/programowanie/Ball Runner/BallRunner/Saved/Autosaves/Game/Levels/MainLevel_Auto1.umap'
[2020.06.25-12.42.04:417][218]LogFileHelpers: Editor autosave (incl. sublevels) for '/Game/Levels/MainLevel' took 0.289
[2020.06.25-12.42.04:417][218]LogFileHelpers: Editor autosave (incl. sublevels) for all levels took 0.289
[2020.06.25-12.42.29:079][293]LogSlate: FSceneViewport::OnFocusLost() reason 0
[2020.06.25-12.42.29:303][293]LogAssetEditorManager: Opening Asset editor for Blueprint /Game/Blueprints/BP_PlayerPawn.BP_PlayerPawn
[2020.06.25-12.43.09:410][517]Cmd: OBJ SAVEPACKAGE PACKAGE="/Game/Blueprints/BP_PlayerPawn" FILE="D:/Dokumenty/pulpit/moje projekty/2020/programowanie/Ball Runner/BallRunner/Content/Blueprints/BP_PlayerPawn.uasset" SILENT=true
[2020.06.25-12.43.09:423][517]LogSavePackage: Moving 'D:/Dokumenty/pulpit/moje projekty/2020/programowanie/Ball Runner/BallRunner/Saved/BP_PlayerPawn57F3983D40C02ECA31FA4EA7295159AC.tmp' to 'D:/Dokumenty/pulpit/moje projekty/2020/programowanie/Ball Runner/BallRunner/Content/Blueprints/BP_PlayerPawn.uasset'
[2020.06.25-12.43.10:245][566]BlueprintLog: New page: Compile BP_PlayerPawn
[2020.06.25-12.43.10:370][566]LogUObjectHash: Compacting FUObjectHashTables data took   2.26ms
[2020.06.25-12.43.10:907][594]Cmd: OBJ SAVEPACKAGE PACKAGE="/Game/Blueprints/BP_PlayerPawn" FILE="D:/Dokumenty/pulpit/moje projekty/2020/programowanie/Ball Runner/BallRunner/Content/Blueprints/BP_PlayerPawn.uasset" SILENT=true
[2020.06.25-12.43.10:921][594]LogSavePackage: Moving 'D:/Dokumenty/pulpit/moje projekty/2020/programowanie/Ball Runner/BallRunner/Saved/BP_PlayerPawn960E6EA4408F82375DDF288A83C69B7C.tmp' to 'D:/Dokumenty/pulpit/moje projekty/2020/programowanie/Ball Runner/BallRunner/Content/Blueprints/BP_PlayerPawn.uasset'
[2020.06.25-12.43.13:125][724]LogTemp: Repeating last play command: Selected Viewport
[2020.06.25-12.43.13:135][724]LogBlueprintUserMessages: Early PlayInEditor Detection: Level '/Game/Levels/MainLevel.MainLevel:PersistentLevel' has LevelScriptBlueprint '/Game/Levels/MainLevel.MainLevel:PersistentLevel.MainLevel' with GeneratedClass '/Game/Levels/MainLevel.MainLevel_C' with ClassGeneratedBy '/Game/Levels/MainLevel.MainLevel:PersistentLevel.MainLevel'
[2020.06.25-12.43.13:135][724]LogPlayLevel: PlayLevel: No blueprints needed recompiling
[2020.06.25-12.43.13:135][724]PIE: New page: PIE session: MainLevel (25 cze 2020, 16:43:13)
[2020.06.25-12.43.13:135][724]LogPlayLevel: Creating play world package: /Game/Levels/UEDPIE_0_MainLevel
[2020.06.25-12.43.13:139][724]LogPlayLevel: PIE: StaticDuplicateObject took: (0.004003s)
[2020.06.25-12.43.13:139][724]LogAIModule: Creating AISystem for world MainLevel
[2020.06.25-12.43.13:139][724]LogPlayLevel: PIE: World Init took: (0.000461s)
[2020.06.25-12.43.13:139][724]LogPlayLevel: PIE: Created PIE world by copying editor world from /Game/Levels/MainLevel.MainLevel to /Game/Levels/UEDPIE_0_MainLevel.MainLevel (0.004562s)
[2020.06.25-12.43.13:170][724]LogUObjectHash: Compacting FUObjectHashTables data took   2.33ms
[2020.06.25-12.43.13:178][724]LogInit: XAudio2 using 'Speakers/Headphones (Realtek(R) Audio)' : 2 channels at 48 kHz using 32 bits per sample (channel mask 0x3)
[2020.06.25-12.43.13:259][724]LogInit: FAudioDevice initialized.
[2020.06.25-12.43.13:287][724]LogLoad: Game class is 'BP_GameMode_C'
[2020.06.25-12.43.13:289][724]LogWorld: Bringing World /Game/Levels/UEDPIE_0_MainLevel.MainLevel up for play (max tick rate 60) at 2020.06.25-14.43.13
[2020.06.25-12.43.13:289][724]LogWorld: Bringing up level for play took: 0.001175
[2020.06.25-12.43.13:301][724]PIE: Play in editor start time for /Game/Levels/UEDPIE_0_MainLevel -0,779
[2020.06.25-12.43.13:301][724]LogBlueprintUserMessages: Late PlayInEditor Detection: Level '/Game/Levels/MainLevel.MainLevel:PersistentLevel' has LevelScriptBlueprint '/Game/Levels/MainLevel.MainLevel:PersistentLevel.MainLevel' with GeneratedClass '/Game/Levels/MainLevel.MainLevel_C' with ClassGeneratedBy '/Game/Levels/MainLevel.MainLevel:PersistentLevel.MainLevel'
[2020.06.25-12.43.21:896][239]LogBlueprintUserMessages: Early EndPlayMap Detection: Level '/Game/Levels/MainLevel.MainLevel:PersistentLevel' has LevelScriptBlueprint '/Game/Levels/MainLevel.MainLevel:PersistentLevel.MainLevel' with GeneratedClass '/Game/Levels/MainLevel.MainLevel_C' with ClassGeneratedBy '/Game/Levels/MainLevel.MainLevel:PersistentLevel.MainLevel'
[2020.06.25-12.43.21:897][239]LogSlate: Updating window title bar state: overlay mode, drag disabled, window buttons hidden, title bar hidden
[2020.06.25-12.43.21:924][239]LogPlayLevel: Display: Shutting down PIE online subsystems
[2020.06.25-12.43.21:925][239]LogBlueprintUserMessages: Late EndPlayMap Detection: Level '/Game/Levels/MainLevel.MainLevel:PersistentLevel' has LevelScriptBlueprint '/Game/Levels/MainLevel.MainLevel:PersistentLevel.MainLevel' with GeneratedClass '/Game/Levels/MainLevel.MainLevel_C' with ClassGeneratedBy '/Game/Levels/MainLevel.MainLevel:PersistentLevel.MainLevel'
[2020.06.25-12.43.21:958][239]LogSlate: Updating window title bar state: overlay mode, drag disabled, window buttons hidden, title bar hidden
[2020.06.25-12.43.21:962][239]LogUObjectHash: Compacting FUObjectHashTables data took   1.97ms
[2020.06.25-12.43.22:012][242]LogPlayLevel: Display: Destroying online subsystem :Context_13
[2020.06.25-12.43.23:827][348]LogSlate: FSceneViewport::OnFocusLost() reason 0
[2020.06.25-12.43.31:394][790]LogSlate: FSceneViewport::OnFocusLost() reason 0
[2020.06.25-12.43.59:758][463]LogSlate: FSceneViewport::OnFocusLost() reason 0
[2020.06.25-12.44.01:607][571]LogSlate: FSceneViewport::OnFocusLost() reason 0
[2020.06.25-12.44.01:690][576]BlueprintLog: New page: Compile BP_PlayerPawn
[2020.06.25-12.44.01:838][576]LogUObjectHash: Compacting FUObjectHashTables data took   2.31ms
[2020.06.25-12.44.02:257][599]Cmd: OBJ SAVEPACKAGE PACKAGE="/Game/Blueprints/BP_PlayerPawn" FILE="D:/Dokumenty/pulpit/moje projekty/2020/programowanie/Ball Runner/BallRunner/Content/Blueprints/BP_PlayerPawn.uasset" SILENT=true
[2020.06.25-12.44.02:271][599]LogSavePackage: Moving 'D:/Dokumenty/pulpit/moje projekty/2020/programowanie/Ball Runner/BallRunner/Saved/BP_PlayerPawnCE0668074258C896763CEB98D64E6DBE.tmp' to 'D:/Dokumenty/pulpit/moje projekty/2020/programowanie/Ball Runner/BallRunner/Content/Blueprints/BP_PlayerPawn.uasset'
[2020.06.25-12.44.04:751][738]LogTemp: Repeating last play command: Selected Viewport
[2020.06.25-12.44.04:761][738]LogBlueprintUserMessages: Early PlayInEditor Detection: Level '/Game/Levels/MainLevel.MainLevel:PersistentLevel' has LevelScriptBlueprint '/Game/Levels/MainLevel.MainLevel:PersistentLevel.MainLevel' with GeneratedClass '/Game/Levels/MainLevel.MainLevel_C' with ClassGeneratedBy '/Game/Levels/MainLevel.MainLevel:PersistentLevel.MainLevel'
[2020.06.25-12.44.04:761][738]LogPlayLevel: PlayLevel: No blueprints needed recompiling
[2020.06.25-12.44.04:761][738]PIE: New page: PIE session: MainLevel (25 cze 2020, 16:44:04)
[2020.06.25-12.44.04:761][738]LogPlayLevel: Creating play world package: /Game/Levels/UEDPIE_0_MainLevel
[2020.06.25-12.44.04:765][738]LogPlayLevel: PIE: StaticDuplicateObject took: (0.003765s)
[2020.06.25-12.44.04:766][738]LogAIModule: Creating AISystem for world MainLevel
[2020.06.25-12.44.04:766][738]LogPlayLevel: PIE: World Init took: (0.000430s)
[2020.06.25-12.44.04:766][738]LogPlayLevel: PIE: Created PIE world by copying editor world from /Game/Levels/MainLevel.MainLevel to /Game/Levels/UEDPIE_0_MainLevel.MainLevel (0.004291s)
[2020.06.25-12.44.04:793][738]LogUObjectHash: Compacting FUObjectHashTables data took   2.33ms
[2020.06.25-12.44.04:801][738]LogInit: XAudio2 using 'Speakers/Headphones (Realtek(R) Audio)' : 2 channels at 48 kHz using 32 bits per sample (channel mask 0x3)
[2020.06.25-12.44.04:878][738]LogInit: FAudioDevice initialized.
[2020.06.25-12.44.04:909][738]LogLoad: Game class is 'BP_GameMode_C'
[2020.06.25-12.44.04:910][738]LogWorld: Bringing World /Game/Levels/UEDPIE_0_MainLevel.MainLevel up for play (max tick rate 60) at 2020.06.25-14.44.04
[2020.06.25-12.44.04:911][738]LogWorld: Bringing up level for play took: 0.000855
[2020.06.25-12.44.04:923][738]PIE: Play in editor start time for /Game/Levels/UEDPIE_0_MainLevel 0,843
[2020.06.25-12.44.04:923][738]LogBlueprintUserMessages: Late PlayInEditor Detection: Level '/Game/Levels/MainLevel.MainLevel:PersistentLevel' has LevelScriptBlueprint '/Game/Levels/MainLevel.MainLevel:PersistentLevel.MainLevel' with GeneratedClass '/Game/Levels/MainLevel.MainLevel_C' with ClassGeneratedBy '/Game/Levels/MainLevel.MainLevel:PersistentLevel.MainLevel'
[2020.06.25-12.44.30:722][285]LogBlueprintUserMessages: Early EndPlayMap Detection: Level '/Game/Levels/MainLevel.MainLevel:PersistentLevel' has LevelScriptBlueprint '/Game/Levels/MainLevel.MainLevel:PersistentLevel.MainLevel' with GeneratedClass '/Game/Levels/MainLevel.MainLevel_C' with ClassGeneratedBy '/Game/Levels/MainLevel.MainLevel:PersistentLevel.MainLevel'
[2020.06.25-12.44.30:723][285]LogSlate: Updating window title bar state: overlay mode, drag disabled, window buttons hidden, title bar hidden
[2020.06.25-12.44.30:751][285]LogPlayLevel: Display: Shutting down PIE online subsystems
[2020.06.25-12.44.30:752][285]LogBlueprintUserMessages: Late EndPlayMap Detection: Level '/Game/Levels/MainLevel.MainLevel:PersistentLevel' has LevelScriptBlueprint '/Game/Levels/MainLevel.MainLevel:PersistentLevel.MainLevel' with GeneratedClass '/Game/Levels/MainLevel.MainLevel_C' with ClassGeneratedBy '/Game/Levels/MainLevel.MainLevel:PersistentLevel.MainLevel'
[2020.06.25-12.44.30:790][285]LogSlate: Updating window title bar state: overlay mode, drag disabled, window buttons hidden, title bar hidden
[2020.06.25-12.44.30:793][285]LogUObjectHash: Compacting FUObjectHashTables data took   2.01ms
[2020.06.25-12.44.30:826][287]LogPlayLevel: Display: Destroying online subsystem :Context_14
[2020.06.25-12.44.53:765][340]LogSlate: FSceneViewport::OnFocusLost() reason 2
[2020.06.25-12.49.05:002][  5]LogUObjectHash: Compacting FUObjectHashTables data took   0.97ms
[2020.06.25-12.49.05:086][  5]LogUObjectHash: Compacting FUObjectHashTables data took   0.73ms
[2020.06.25-12.49.05:221][  5]LogSavePackage: Moving 'D:/Dokumenty/pulpit/moje projekty/2020/programowanie/Ball Runner/BallRunner/Saved/MainLevelFF2D31F441A382CACE8B569D6FCD60D6.tmp' to 'D:/Dokumenty/pulpit/moje projekty/2020/programowanie/Ball Runner/BallRunner/Content/Levels/MainLevel.umap'
[2020.06.25-12.49.05:241][  5]LogFileHelpers: Saving map 'MainLevel' took 0.220
[2020.06.25-12.59.49:731][230]LogBlueprintActionDatabase: Requesting refresh due to module change: ExternalImagePicker (loaded)
[2020.06.25-12.59.51:260][230]LogSlate: Only BGRA pngs, bmps or icos are supported in by External Image Picker
[2020.06.25-13.00.25:065][391]LogInit: XAudio2 using 'Słuchawki (Hesh 3 Stereo)' : 2 channels at 44.1 kHz using 16 bits per sample (channel mask 0x3)
[2020.06.25-13.10.40:442][717]LogUObjectHash: Compacting FUObjectHashTables data took   5.09ms
[2020.06.25-13.10.40:442][717]LogFileHelpers: Editor autosave (incl. sublevels) for '/Game/Levels/MainLevel' took 0.065
[2020.06.25-13.10.40:444][717]OBJ SavePackage: Generating thumbnails for [1] asset(s) in package [/Game/Blueprints/BP_PlayerPawn] ([1] browsable assets)...
[2020.06.25-13.10.40:457][717]OBJ SavePackage:     Rendered thumbnail for [Blueprint /Game/Blueprints/BP_PlayerPawn.BP_PlayerPawn]
[2020.06.25-13.10.40:457][717]OBJ SavePackage: Finished generating thumbnails for package [/Game/Blueprints/BP_PlayerPawn]
[2020.06.25-13.10.40:514][717]LogSavePackage: Moving 'D:/Dokumenty/pulpit/moje projekty/2020/programowanie/Ball Runner/BallRunner/Saved/BP_PlayerPawn_Auto26FB711E7456429B8D4FFC4A203D3C0BF.tmp' to 'D:/Dokumenty/pulpit/moje projekty/2020/programowanie/Ball Runner/BallRunner/Saved/Autosaves/Game/Blueprints/BP_PlayerPawn_Auto2.uasset'
[2020.06.25-13.10.40:515][717]LogFileHelpers: Auto-saving content packages took 0.073
[2020.06.25-13.20.55:136][726]LogUObjectHash: Compacting FUObjectHashTables data took   2.69ms
[2020.06.25-13.20.55:136][726]LogFileHelpers: Editor autosave (incl. sublevels) for '/Game/Levels/MainLevel' took 0.042
[2020.06.25-13.20.55:137][726]OBJ SavePackage: Generating thumbnails for [0] asset(s) in package [/Game/Blueprints/BP_PlayerPawn] ([1] browsable assets)...
[2020.06.25-13.20.55:137][726]OBJ SavePackage: Finished generating thumbnails for package [/Game/Blueprints/BP_PlayerPawn]
[2020.06.25-13.20.55:148][726]LogSavePackage: Moving 'D:/Dokumenty/pulpit/moje projekty/2020/programowanie/Ball Runner/BallRunner/Saved/BP_PlayerPawn_Auto3C681D2DF4B7A6F9CE71DC1AFE6E88632.tmp' to 'D:/Dokumenty/pulpit/moje projekty/2020/programowanie/Ball Runner/BallRunner/Saved/Autosaves/Game/Blueprints/BP_PlayerPawn_Auto3.uasset'
[2020.06.25-13.20.55:149][726]LogFileHelpers: Auto-saving content packages took 0.012
[2020.06.25-13.35.20:182][656]LogEditorViewport: Clicking on Actor (LMB): StaticMeshActor (Plane)
[2020.06.25-13.35.20:866][693]LogSlate: FSceneViewport::OnFocusLost() reason 0
[2020.06.25-13.35.25:618][966]LogEditorViewport: Clicking on Actor (LMB): StaticMeshActor (Cube)
[2020.06.25-13.35.26:455][ 13]LogSlate: FSceneViewport::OnFocusLost() reason 0
[2020.06.25-13.35.31:001][269]LogEditorViewport: Clicking on Actor (LMB): BP_Crystal_C (BP_Crystal)
[2020.06.25-13.35.31:180][275]LogSlate: FSceneViewport::OnFocusLost() reason 2
[2020.06.25-13.42.07:116][907]LogUObjectHash: Compacting FUObjectHashTables data took   1.16ms
[2020.06.25-13.42.07:137][907]Cmd: OBJ SAVEPACKAGE PACKAGE="/Game/Blueprints/BP_PlayerPawn" FILE="D:/Dokumenty/pulpit/moje projekty/2020/programowanie/Ball Runner/BallRunner/Content/Blueprints/BP_PlayerPawn.uasset" SILENT=true
[2020.06.25-13.42.07:212][907]LogSavePackage: Moving 'D:/Dokumenty/pulpit/moje projekty/2020/programowanie/Ball Runner/BallRunner/Saved/BP_PlayerPawn70896C0A4D475F1B173373948590697D.tmp' to 'D:/Dokumenty/pulpit/moje projekty/2020/programowanie/Ball Runner/BallRunner/Content/Blueprints/BP_PlayerPawn.uasset'
